[2025-07-26T13:57:26.431+0000] {local_task_job_runner.py:120} INFO - ::group::Pre task execution logs
[2025-07-26T13:57:26.446+0000] {taskinstance.py:2076} INFO - Dependencies all met for dep_context=non-requeueable deps ti=<TaskInstance: preview_next_row_dag.preview_row manual__2025-07-26T13:57:25.798882+00:00 [queued]>
[2025-07-26T13:57:26.451+0000] {taskinstance.py:2076} INFO - Dependencies all met for dep_context=requeueable deps ti=<TaskInstance: preview_next_row_dag.preview_row manual__2025-07-26T13:57:25.798882+00:00 [queued]>
[2025-07-26T13:57:26.451+0000] {taskinstance.py:2306} INFO - Starting attempt 1 of 1
[2025-07-26T13:57:26.456+0000] {taskinstance.py:2330} INFO - Executing <Task(PythonOperator): preview_row> on 2025-07-26 13:57:25.798882+00:00
[2025-07-26T13:57:26.460+0000] {logging_mixin.py:188} WARNING - /home/***/.local/lib/python3.12/site-packages/***/task/task_runner/standard_task_runner.py:62 DeprecationWarning: This process (pid=48596) is multi-threaded, use of fork() may lead to deadlocks in the child.
[2025-07-26T13:57:26.460+0000] {standard_task_runner.py:64} INFO - Started process 48621 to run task
[2025-07-26T13:57:26.461+0000] {standard_task_runner.py:90} INFO - Running: ['***', 'tasks', 'run', 'preview_next_row_dag', 'preview_row', 'manual__2025-07-26T13:57:25.798882+00:00', '--job-id', '61', '--raw', '--subdir', 'DAGS_FOLDER/preview.py', '--cfg-path', '/tmp/tmpwcnro19i']
[2025-07-26T13:57:26.462+0000] {standard_task_runner.py:91} INFO - Job 61: Subtask preview_row
[2025-07-26T13:57:26.468+0000] {logging_mixin.py:188} WARNING - /home/***/.local/lib/python3.12/site-packages/***/settings.py:195 DeprecationWarning: The sql_alchemy_conn option in [core] has been moved to the sql_alchemy_conn option in [database] - the old setting has been used, but please update your config.
[2025-07-26T13:57:26.485+0000] {task_command.py:426} INFO - Running <TaskInstance: preview_next_row_dag.preview_row manual__2025-07-26T13:57:25.798882+00:00 [running]> on host 2992d32593f0
[2025-07-26T13:57:26.529+0000] {taskinstance.py:2648} INFO - Exporting env vars: AIRFLOW_CTX_DAG_OWNER='***' AIRFLOW_CTX_DAG_ID='preview_next_row_dag' AIRFLOW_CTX_TASK_ID='preview_row' AIRFLOW_CTX_EXECUTION_DATE='2025-07-26T13:57:25.798882+00:00' AIRFLOW_CTX_TRY_NUMBER='1' AIRFLOW_CTX_DAG_RUN_ID='manual__2025-07-26T13:57:25.798882+00:00'
[2025-07-26T13:57:26.530+0000] {taskinstance.py:430} INFO - ::endgroup::
[2025-07-26T13:57:26.537+0000] {logging_mixin.py:188} INFO - Reading from: /opt/***/data/holdout.parquet
[2025-07-26T13:57:26.555+0000] {logging_mixin.py:188} INFO - Current index: 13 / Total rows: 51
[2025-07-26T13:57:26.556+0000] {logging_mixin.py:188} INFO - Previewing row:
[2025-07-26T13:57:26.557+0000] {logging_mixin.py:188} INFO - | user_id                      | parent_asin   |   rating | timestamp                  | main_category   | title                                                                                                                     | description                                                                                                                   | categories                                           |   price | source   |
|:-----------------------------|:--------------|---------:|:---------------------------|:----------------|:--------------------------------------------------------------------------------------------------------------------------|:------------------------------------------------------------------------------------------------------------------------------|:-----------------------------------------------------|--------:|:---------|
| AHMA2XOABILP3GZPY3ZW5ZMETWKQ | B01MRXGT40    |        4 | 2022-06-19 11:24:38.766000 | Toys & Games    | Ontel Magic Tracks Mega Set - 2 LED Race Cars and 18 ft. of Flexible, Bendable Glow in the Dark Racetrack - As Seen on TV | ['Ontel Magic Tracks Mega Set - 2 LED Race Cars and 18 ft. of Flexible, Bendable Glow in the Dark Racetrack - As Seen on TV'] | ['Toys & Games' 'Preschool' 'Pre-Kindergarten Toys'] |   57.99 | val      |
[2025-07-26T13:57:26.557+0000] {python.py:237} INFO - Done. Returned value was: None
[2025-07-26T13:57:26.557+0000] {taskinstance.py:441} INFO - ::group::Post task execution logs
[2025-07-26T13:57:26.561+0000] {taskinstance.py:1206} INFO - Marking task as SUCCESS. dag_id=preview_next_row_dag, task_id=preview_row, run_id=manual__2025-07-26T13:57:25.798882+00:00, execution_date=20250726T135725, start_date=20250726T135726, end_date=20250726T135726
[2025-07-26T13:57:26.593+0000] {local_task_job_runner.py:243} INFO - Task exited with return code 0
[2025-07-26T13:57:26.614+0000] {taskinstance.py:3503} INFO - 0 downstream tasks scheduled from follow-on schedule check
[2025-07-26T13:57:26.616+0000] {local_task_job_runner.py:222} INFO - ::endgroup::
