[2025-07-26T13:14:14.280+0000] {local_task_job_runner.py:120} INFO - ::group::Pre task execution logs
[2025-07-26T13:14:14.292+0000] {taskinstance.py:2076} INFO - Dependencies all met for dep_context=non-requeueable deps ti=<TaskInstance: preview_next_row_dag.preview_row manual__2025-07-26T13:14:13.129291+00:00 [queued]>
[2025-07-26T13:14:14.296+0000] {taskinstance.py:2076} INFO - Dependencies all met for dep_context=requeueable deps ti=<TaskInstance: preview_next_row_dag.preview_row manual__2025-07-26T13:14:13.129291+00:00 [queued]>
[2025-07-26T13:14:14.297+0000] {taskinstance.py:2306} INFO - Starting attempt 1 of 1
[2025-07-26T13:14:14.304+0000] {taskinstance.py:2330} INFO - Executing <Task(PythonOperator): preview_row> on 2025-07-26 13:14:13.129291+00:00
[2025-07-26T13:14:14.308+0000] {logging_mixin.py:188} WARNING - /home/***/.local/lib/python3.12/site-packages/***/task/task_runner/standard_task_runner.py:62 DeprecationWarning: This process (pid=41138) is multi-threaded, use of fork() may lead to deadlocks in the child.
[2025-07-26T13:14:14.308+0000] {standard_task_runner.py:64} INFO - Started process 41163 to run task
[2025-07-26T13:14:14.308+0000] {standard_task_runner.py:90} INFO - Running: ['***', 'tasks', 'run', 'preview_next_row_dag', 'preview_row', 'manual__2025-07-26T13:14:13.129291+00:00', '--job-id', '50', '--raw', '--subdir', 'DAGS_FOLDER/preview.py', '--cfg-path', '/tmp/tmpii2wegzi']
[2025-07-26T13:14:14.309+0000] {standard_task_runner.py:91} INFO - Job 50: Subtask preview_row
[2025-07-26T13:14:14.316+0000] {logging_mixin.py:188} WARNING - /home/***/.local/lib/python3.12/site-packages/***/settings.py:195 DeprecationWarning: The sql_alchemy_conn option in [core] has been moved to the sql_alchemy_conn option in [database] - the old setting has been used, but please update your config.
[2025-07-26T13:14:14.331+0000] {task_command.py:426} INFO - Running <TaskInstance: preview_next_row_dag.preview_row manual__2025-07-26T13:14:13.129291+00:00 [running]> on host 2992d32593f0
[2025-07-26T13:14:14.408+0000] {taskinstance.py:2648} INFO - Exporting env vars: AIRFLOW_CTX_DAG_OWNER='***' AIRFLOW_CTX_DAG_ID='preview_next_row_dag' AIRFLOW_CTX_TASK_ID='preview_row' AIRFLOW_CTX_EXECUTION_DATE='2025-07-26T13:14:13.129291+00:00' AIRFLOW_CTX_TRY_NUMBER='1' AIRFLOW_CTX_DAG_RUN_ID='manual__2025-07-26T13:14:13.129291+00:00'
[2025-07-26T13:14:14.409+0000] {taskinstance.py:430} INFO - ::endgroup::
[2025-07-26T13:14:14.422+0000] {logging_mixin.py:188} INFO - Reading from: /opt/***/data/holdout.parquet
[2025-07-26T13:14:14.461+0000] {logging_mixin.py:188} INFO - Current index: 7 / Total rows: 51
[2025-07-26T13:14:14.462+0000] {logging_mixin.py:188} INFO - Previewing row:
[2025-07-26T13:14:14.463+0000] {logging_mixin.py:188} INFO - | user_id                      | parent_asin   |   rating | timestamp                  | main_category   | title                                                                                                        | description                                                                                                                                                                                                                                                                                                                                                                                                                                                                                                  | categories                                                                 |   price | source   |
|:-----------------------------|:--------------|---------:|:---------------------------|:----------------|:-------------------------------------------------------------------------------------------------------------|:-------------------------------------------------------------------------------------------------------------------------------------------------------------------------------------------------------------------------------------------------------------------------------------------------------------------------------------------------------------------------------------------------------------------------------------------------------------------------------------------------------------|:---------------------------------------------------------------------------|--------:|:---------|
| AHVIBV6S3HEKNQY4IXU5GW55UAGQ | B08JC8TJ79    |        4 | 2022-06-17 15:43:02.952000 | Toys & Games    | WALIKI Hopper Ball| Hippity Hop | Jumping Hopping Therapy Ball | Relay Races | Red 18” (Ages: 3-6 (18"/45CM) | ["Waliki's Hopper Ball Making exercise fun! Also known as Bouncy Ball with handles, Kangaroo Bouncer, Hopping Ball, Hoppity Hop, Sit and Bounce, Jumping Ball. Give your children a Hop Ball and watch them go! Thicker and more durable than other generic brands on amazon, our Hopper Balls are a fabulously fun way for kids to exercise without even knowing it. We guarantee children will burn off their extra energy and parents will enjoy watching the action. Free double-action pump included."] | ['Toys & Games' 'Sports & Outdoor Play' 'Pogo Sticks & Hoppers' 'Hoppers'] |   19.99 | val      |
[2025-07-26T13:14:14.463+0000] {python.py:237} INFO - Done. Returned value was: None
[2025-07-26T13:14:14.463+0000] {taskinstance.py:441} INFO - ::group::Post task execution logs
[2025-07-26T13:14:14.468+0000] {taskinstance.py:1206} INFO - Marking task as SUCCESS. dag_id=preview_next_row_dag, task_id=preview_row, run_id=manual__2025-07-26T13:14:13.129291+00:00, execution_date=20250726T131413, start_date=20250726T131414, end_date=20250726T131414
[2025-07-26T13:14:14.481+0000] {local_task_job_runner.py:243} INFO - Task exited with return code 0
[2025-07-26T13:14:14.504+0000] {taskinstance.py:3503} INFO - 0 downstream tasks scheduled from follow-on schedule check
[2025-07-26T13:14:14.505+0000] {local_task_job_runner.py:222} INFO - ::endgroup::
