[2025-07-26T10:55:09.698+0000] {local_task_job_runner.py:120} INFO - ::group::Pre task execution logs
[2025-07-26T10:55:09.709+0000] {taskinstance.py:2076} INFO - Dependencies all met for dep_context=non-requeueable deps ti=<TaskInstance: insert_next_row_dag.insert_row manual__2025-07-26T10:55:09.263600+00:00 [queued]>
[2025-07-26T10:55:09.712+0000] {taskinstance.py:2076} INFO - Dependencies all met for dep_context=requeueable deps ti=<TaskInstance: insert_next_row_dag.insert_row manual__2025-07-26T10:55:09.263600+00:00 [queued]>
[2025-07-26T10:55:09.712+0000] {taskinstance.py:2306} INFO - Starting attempt 1 of 1
[2025-07-26T10:55:09.716+0000] {taskinstance.py:2330} INFO - Executing <Task(PythonOperator): insert_row> on 2025-07-26 10:55:09.263600+00:00
[2025-07-26T10:55:09.721+0000] {logging_mixin.py:188} WARNING - /home/***/.local/lib/python3.12/site-packages/***/task/task_runner/standard_task_runner.py:62 DeprecationWarning: This process (pid=17526) is multi-threaded, use of fork() may lead to deadlocks in the child.
[2025-07-26T10:55:09.721+0000] {standard_task_runner.py:64} INFO - Started process 17551 to run task
[2025-07-26T10:55:09.721+0000] {standard_task_runner.py:90} INFO - Running: ['***', 'tasks', 'run', 'insert_next_row_dag', 'insert_row', 'manual__2025-07-26T10:55:09.263600+00:00', '--job-id', '22', '--raw', '--subdir', 'DAGS_FOLDER/simulate_realtime_insert.py', '--cfg-path', '/tmp/tmp2i_dlsbw']
[2025-07-26T10:55:09.722+0000] {standard_task_runner.py:91} INFO - Job 22: Subtask insert_row
[2025-07-26T10:55:09.729+0000] {logging_mixin.py:188} WARNING - /home/***/.local/lib/python3.12/site-packages/***/settings.py:195 DeprecationWarning: The sql_alchemy_conn option in [core] has been moved to the sql_alchemy_conn option in [database] - the old setting has been used, but please update your config.
[2025-07-26T10:55:09.758+0000] {task_command.py:426} INFO - Running <TaskInstance: insert_next_row_dag.insert_row manual__2025-07-26T10:55:09.263600+00:00 [running]> on host 2992d32593f0
[2025-07-26T10:55:09.800+0000] {taskinstance.py:2648} INFO - Exporting env vars: AIRFLOW_CTX_DAG_OWNER='***' AIRFLOW_CTX_DAG_ID='insert_next_row_dag' AIRFLOW_CTX_TASK_ID='insert_row' AIRFLOW_CTX_EXECUTION_DATE='2025-07-26T10:55:09.263600+00:00' AIRFLOW_CTX_TRY_NUMBER='1' AIRFLOW_CTX_DAG_RUN_ID='manual__2025-07-26T10:55:09.263600+00:00'
[2025-07-26T10:55:09.801+0000] {taskinstance.py:430} INFO - ::endgroup::
[2025-07-26T10:55:09.832+0000] {logging_mixin.py:188} WARNING - /opt/***/dags/simulate_realtime_insert.py:35 SettingWithCopyWarning: 
A value is trying to be set on a copy of a slice from a DataFrame.
Try using .loc[row_indexer,col_indexer] = value instead

See the caveats in the documentation: https://pandas.pydata.org/pandas-docs/stable/user_guide/indexing.html#returning-a-view-versus-a-copy
[2025-07-26T10:55:09.833+0000] {logging_mixin.py:188} INFO - Row 16 to insert:
[2025-07-26T10:55:09.834+0000] {logging_mixin.py:188} INFO - | user_id                      | parent_asin   |   rating | timestamp                  | main_category   | title                 | description                                                                                                                                                                                                                                                                                                                                                                                                                                                                                                                                                                                                                                                                                           | categories                                             |   price | source   |
|:-----------------------------|:--------------|---------:|:---------------------------|:----------------|:----------------------|:------------------------------------------------------------------------------------------------------------------------------------------------------------------------------------------------------------------------------------------------------------------------------------------------------------------------------------------------------------------------------------------------------------------------------------------------------------------------------------------------------------------------------------------------------------------------------------------------------------------------------------------------------------------------------------------------------|:-------------------------------------------------------|--------:|:---------|
| AFHB3C7OPKCJJZ2MUJI6L2AV5CVQ | B0C1FYLV1B    |        5 | 2022-06-21 02:53:08.257000 | Toys & Games    | Hasbro Gaming Yahtzee | {"Roll it to the limit for the ultimate win with the Yahtzee Classic game. With a sleek shaker and 5 dice, you're ready to roll! Take turns rolling dice to try to score combos. You get a total of 13 turns and may roll up to three times on a turn. At the end of each turn, you must fill in one empty box in your column on the score card. The player with the highest grand total at the end of all 13 rounds wins. It's up to the player whether they hustle for a full house or risk it all for a Yahtzee roll. Show it off, and let the dice fall where they may. Game includes 5 dice and shaker that doubles as storage for easy clean up and travel. Yahtzee is a trademark of Hasbro."} | {"Toys & Games", "Games & Accessories", "Board Games"} |    8.49 | val      |
[2025-07-26T10:55:11.032+0000] {logging_mixin.py:188} INFO - Inserted row 16
[2025-07-26T10:55:11.043+0000] {crypto.py:82} WARNING - empty cryptography key - values will not be stored encrypted.
[2025-07-26T10:55:11.046+0000] {python.py:237} INFO - Done. Returned value was: None
[2025-07-26T10:55:11.046+0000] {taskinstance.py:441} INFO - ::group::Post task execution logs
[2025-07-26T10:55:11.050+0000] {taskinstance.py:1206} INFO - Marking task as SUCCESS. dag_id=insert_next_row_dag, task_id=insert_row, run_id=manual__2025-07-26T10:55:09.263600+00:00, execution_date=20250726T105509, start_date=20250726T105509, end_date=20250726T105511
[2025-07-26T10:55:11.098+0000] {local_task_job_runner.py:243} INFO - Task exited with return code 0
[2025-07-26T10:55:11.129+0000] {taskinstance.py:3503} INFO - 0 downstream tasks scheduled from follow-on schedule check
[2025-07-26T10:55:11.131+0000] {local_task_job_runner.py:222} INFO - ::endgroup::
