[2025-07-26T09:19:22.765+0000] {local_task_job_runner.py:120} INFO - ::group::Pre task execution logs
[2025-07-26T09:19:22.780+0000] {taskinstance.py:2076} INFO - Dependencies all met for dep_context=non-requeueable deps ti=<TaskInstance: insert_next_row_dag.insert_row manual__2025-07-26T09:19:22.377944+00:00 [queued]>
[2025-07-26T09:19:22.785+0000] {taskinstance.py:2076} INFO - Dependencies all met for dep_context=requeueable deps ti=<TaskInstance: insert_next_row_dag.insert_row manual__2025-07-26T09:19:22.377944+00:00 [queued]>
[2025-07-26T09:19:22.786+0000] {taskinstance.py:2306} INFO - Starting attempt 1 of 1
[2025-07-26T09:19:22.795+0000] {taskinstance.py:2330} INFO - Executing <Task(PythonOperator): insert_row> on 2025-07-26 09:19:22.377944+00:00
[2025-07-26T09:19:22.801+0000] {logging_mixin.py:188} WARNING - /home/***/.local/lib/python3.12/site-packages/***/task/task_runner/standard_task_runner.py:62 DeprecationWarning: This process (pid=1318) is multi-threaded, use of fork() may lead to deadlocks in the child.
[2025-07-26T09:19:22.801+0000] {standard_task_runner.py:64} INFO - Started process 1343 to run task
[2025-07-26T09:19:22.801+0000] {standard_task_runner.py:90} INFO - Running: ['***', 'tasks', 'run', 'insert_next_row_dag', 'insert_row', 'manual__2025-07-26T09:19:22.377944+00:00', '--job-id', '7', '--raw', '--subdir', 'DAGS_FOLDER/simulate_realtime_insert.py', '--cfg-path', '/tmp/tmpjo4ubtcx']
[2025-07-26T09:19:22.803+0000] {standard_task_runner.py:91} INFO - Job 7: Subtask insert_row
[2025-07-26T09:19:22.821+0000] {logging_mixin.py:188} WARNING - /home/***/.local/lib/python3.12/site-packages/***/settings.py:195 DeprecationWarning: The sql_alchemy_conn option in [core] has been moved to the sql_alchemy_conn option in [database] - the old setting has been used, but please update your config.
[2025-07-26T09:19:22.869+0000] {task_command.py:426} INFO - Running <TaskInstance: insert_next_row_dag.insert_row manual__2025-07-26T09:19:22.377944+00:00 [running]> on host 2992d32593f0
[2025-07-26T09:19:22.923+0000] {taskinstance.py:2648} INFO - Exporting env vars: AIRFLOW_CTX_DAG_OWNER='***' AIRFLOW_CTX_DAG_ID='insert_next_row_dag' AIRFLOW_CTX_TASK_ID='insert_row' AIRFLOW_CTX_EXECUTION_DATE='2025-07-26T09:19:22.377944+00:00' AIRFLOW_CTX_TRY_NUMBER='1' AIRFLOW_CTX_DAG_RUN_ID='manual__2025-07-26T09:19:22.377944+00:00'
[2025-07-26T09:19:22.923+0000] {taskinstance.py:430} INFO - ::endgroup::
[2025-07-26T09:19:22.949+0000] {logging_mixin.py:188} WARNING - /opt/***/dags/simulate_realtime_insert.py:35 SettingWithCopyWarning: 
A value is trying to be set on a copy of a slice from a DataFrame.
Try using .loc[row_indexer,col_indexer] = value instead

See the caveats in the documentation: https://pandas.pydata.org/pandas-docs/stable/user_guide/indexing.html#returning-a-view-versus-a-copy
[2025-07-26T09:19:22.949+0000] {logging_mixin.py:188} INFO - Row 1 to insert:
[2025-07-26T09:19:22.950+0000] {logging_mixin.py:188} INFO - | user_id                      | parent_asin   |   rating | timestamp                  | main_category   | title                                                                                                                                        | description                                                                                                                                                                                                                                                                                                                                                                                                                                                                                                                                                              | categories                                                                         |   price | source   |
|:-----------------------------|:--------------|---------:|:---------------------------|:----------------|:---------------------------------------------------------------------------------------------------------------------------------------------|:-------------------------------------------------------------------------------------------------------------------------------------------------------------------------------------------------------------------------------------------------------------------------------------------------------------------------------------------------------------------------------------------------------------------------------------------------------------------------------------------------------------------------------------------------------------------------|:-----------------------------------------------------------------------------------|--------:|:---------|
| AGAN64IL2WKG7TY77SGHWVGVYGVQ | B09NXVL2P2    |        2 | 2022-06-15 16:20:16.740000 | Toys & Games    | NERF Disruptor Elite Blaster - 6-Dart Rotating Drum, Slam Fire, Includes 6 Official Elite Darts - for Kids, Teens, Adults (Amazon Exclusive) | {"Fire and strike fast with the Nerf N-Strike Elite Disruptor blaster! This quick-draw blaster has a rotating drum that holds up to 6 Elite darts. Choose your target and fire 1 dart at a time, or unleash all 6 darts in rapid succession with slam-fire action. To prime the blaster, pull the slide back and release. Check the indicator; if it’s orange, the blaster is primed and ready to fire. The The Nerf N-Strike Elite Disrupter fires darts up to 90 feet (27 meters). Includes 6 Elite darts. Nerf and all related properties are trademarks of Hasbro."} | {"Toys & Games", "Sports & Outdoor Play", "Blasters & Foam Play", "Foam Blasters"} |   14.99 | val      |
[2025-07-26T09:19:24.196+0000] {logging_mixin.py:188} INFO - Inserted row 1
[2025-07-26T09:19:24.209+0000] {crypto.py:82} WARNING - empty cryptography key - values will not be stored encrypted.
[2025-07-26T09:19:24.215+0000] {python.py:237} INFO - Done. Returned value was: None
[2025-07-26T09:19:24.216+0000] {taskinstance.py:441} INFO - ::group::Post task execution logs
[2025-07-26T09:19:24.230+0000] {taskinstance.py:1206} INFO - Marking task as SUCCESS. dag_id=insert_next_row_dag, task_id=insert_row, run_id=manual__2025-07-26T09:19:22.377944+00:00, execution_date=20250726T091922, start_date=20250726T091922, end_date=20250726T091924
[2025-07-26T09:19:24.257+0000] {local_task_job_runner.py:243} INFO - Task exited with return code 0
[2025-07-26T09:19:24.282+0000] {taskinstance.py:3503} INFO - 0 downstream tasks scheduled from follow-on schedule check
[2025-07-26T09:19:24.283+0000] {local_task_job_runner.py:222} INFO - ::endgroup::
