[2025-07-26T11:32:56.107+0000] {local_task_job_runner.py:120} INFO - ::group::Pre task execution logs
[2025-07-26T11:32:56.119+0000] {taskinstance.py:2076} INFO - Dependencies all met for dep_context=non-requeueable deps ti=<TaskInstance: insert_next_row_dag.insert_row manual__2025-07-26T11:32:55.018929+00:00 [queued]>
[2025-07-26T11:32:56.124+0000] {taskinstance.py:2076} INFO - Dependencies all met for dep_context=requeueable deps ti=<TaskInstance: insert_next_row_dag.insert_row manual__2025-07-26T11:32:55.018929+00:00 [queued]>
[2025-07-26T11:32:56.124+0000] {taskinstance.py:2306} INFO - Starting attempt 1 of 1
[2025-07-26T11:32:56.130+0000] {taskinstance.py:2330} INFO - Executing <Task(PythonOperator): insert_row> on 2025-07-26 11:32:55.018929+00:00
[2025-07-26T11:32:56.137+0000] {logging_mixin.py:188} WARNING - /home/***/.local/lib/python3.12/site-packages/***/task/task_runner/standard_task_runner.py:62 DeprecationWarning: This process (pid=23915) is multi-threaded, use of fork() may lead to deadlocks in the child.
[2025-07-26T11:32:56.138+0000] {standard_task_runner.py:64} INFO - Started process 23940 to run task
[2025-07-26T11:32:56.137+0000] {standard_task_runner.py:90} INFO - Running: ['***', 'tasks', 'run', 'insert_next_row_dag', 'insert_row', 'manual__2025-07-26T11:32:55.018929+00:00', '--job-id', '28', '--raw', '--subdir', 'DAGS_FOLDER/simulate_realtime_insert.py', '--cfg-path', '/tmp/tmp3x8v7iet']
[2025-07-26T11:32:56.138+0000] {standard_task_runner.py:91} INFO - Job 28: Subtask insert_row
[2025-07-26T11:32:56.147+0000] {logging_mixin.py:188} WARNING - /home/***/.local/lib/python3.12/site-packages/***/settings.py:195 DeprecationWarning: The sql_alchemy_conn option in [core] has been moved to the sql_alchemy_conn option in [database] - the old setting has been used, but please update your config.
[2025-07-26T11:32:56.171+0000] {task_command.py:426} INFO - Running <TaskInstance: insert_next_row_dag.insert_row manual__2025-07-26T11:32:55.018929+00:00 [running]> on host 2992d32593f0
[2025-07-26T11:32:56.251+0000] {taskinstance.py:2648} INFO - Exporting env vars: AIRFLOW_CTX_DAG_OWNER='***' AIRFLOW_CTX_DAG_ID='insert_next_row_dag' AIRFLOW_CTX_TASK_ID='insert_row' AIRFLOW_CTX_EXECUTION_DATE='2025-07-26T11:32:55.018929+00:00' AIRFLOW_CTX_TRY_NUMBER='1' AIRFLOW_CTX_DAG_RUN_ID='manual__2025-07-26T11:32:55.018929+00:00'
[2025-07-26T11:32:56.251+0000] {taskinstance.py:430} INFO - ::endgroup::
[2025-07-26T11:32:56.278+0000] {logging_mixin.py:188} WARNING - /opt/***/dags/simulate_realtime_insert.py:35 SettingWithCopyWarning: 
A value is trying to be set on a copy of a slice from a DataFrame.
Try using .loc[row_indexer,col_indexer] = value instead

See the caveats in the documentation: https://pandas.pydata.org/pandas-docs/stable/user_guide/indexing.html#returning-a-view-versus-a-copy
[2025-07-26T11:32:56.278+0000] {logging_mixin.py:188} INFO - Row 21 to insert:
[2025-07-26T11:32:56.279+0000] {logging_mixin.py:188} INFO - | user_id                      | parent_asin   |   rating | timestamp                  | main_category   | title                                                                                                                                                             | description                                                                                                                                                                                                                                                                                                                                                                                                                                                                                                                                                                                                                                                                                                                                                                                                                                                                                                                                                                                                                                                                                  | categories                                                                                              |   price | source   |
|:-----------------------------|:--------------|---------:|:---------------------------|:----------------|:------------------------------------------------------------------------------------------------------------------------------------------------------------------|:---------------------------------------------------------------------------------------------------------------------------------------------------------------------------------------------------------------------------------------------------------------------------------------------------------------------------------------------------------------------------------------------------------------------------------------------------------------------------------------------------------------------------------------------------------------------------------------------------------------------------------------------------------------------------------------------------------------------------------------------------------------------------------------------------------------------------------------------------------------------------------------------------------------------------------------------------------------------------------------------------------------------------------------------------------------------------------------------|:--------------------------------------------------------------------------------------------------------|--------:|:---------|
| AHOVAVQPI6BWMQBGMMJFLD2XRQFA | B08XD3WW2H    |        5 | 2022-06-25 04:20:46.043000 | Toys & Games    | Learning Resources Spike the Fine Motor Hedgehog Puzzle Playmate - 11 Pieces,Ages 18+ months Fine Motor Game, Color and Shape Recognition Toddler Montessori Toys | {"Spike the Fine Motor Hedgehog is back, and he's ready to play! The preschool fine motor fun never ends with the 2-in-1 shape sorter and puzzle play found in the Spike the Fine Motor Hedgehog Puzzle Playmate. Inspired by our bestselling Spike the Fine Motor Hedgehog preschool toy, this take on fine motor fun finds kids building even more skills every time they play. The Spike the Fine Motor Hedgehog Puzzle Playmate comes with two distinct ways to play—sort and match the shape pieces, then explore Spike’s pop-in, pop-out quills! As they play, kids will build 5 essential preschool skills—in addition to boosting their fine motor and early logic skills, kids will also strengthen their shape, color, and number recognition skills along the way! Sized just right for little hands, the pieces found in the Spike the Fine Motor Hedgehog Puzzle Playmate are durable and easy to clean—just wipe them down with a damp cloth after play time is done! Whether you're learning in the classroom or through homeschooling, Spike's here to make preschool fun!"} | {"Toys & Games", "Baby & Toddler Toys", "Early Development & Activity Toys", "Sorting & Stacking Toys"} |    7.69 | val      |
[2025-07-26T11:32:57.506+0000] {logging_mixin.py:188} INFO - Inserted row 21
[2025-07-26T11:32:57.509+0000] {crypto.py:82} WARNING - empty cryptography key - values will not be stored encrypted.
[2025-07-26T11:32:57.513+0000] {python.py:237} INFO - Done. Returned value was: None
[2025-07-26T11:32:57.514+0000] {taskinstance.py:441} INFO - ::group::Post task execution logs
[2025-07-26T11:32:57.521+0000] {taskinstance.py:1206} INFO - Marking task as SUCCESS. dag_id=insert_next_row_dag, task_id=insert_row, run_id=manual__2025-07-26T11:32:55.018929+00:00, execution_date=20250726T113255, start_date=20250726T113256, end_date=20250726T113257
[2025-07-26T11:32:57.553+0000] {local_task_job_runner.py:243} INFO - Task exited with return code 0
[2025-07-26T11:32:57.574+0000] {taskinstance.py:3503} INFO - 0 downstream tasks scheduled from follow-on schedule check
[2025-07-26T11:32:57.576+0000] {local_task_job_runner.py:222} INFO - ::endgroup::
