[2025-07-26T10:39:00.514+0000] {local_task_job_runner.py:120} INFO - ::group::Pre task execution logs
[2025-07-26T10:39:00.525+0000] {taskinstance.py:2076} INFO - Dependencies all met for dep_context=non-requeueable deps ti=<TaskInstance: insert_next_row_dag.insert_row manual__2025-07-26T10:38:59.763188+00:00 [queued]>
[2025-07-26T10:39:00.528+0000] {taskinstance.py:2076} INFO - Dependencies all met for dep_context=requeueable deps ti=<TaskInstance: insert_next_row_dag.insert_row manual__2025-07-26T10:38:59.763188+00:00 [queued]>
[2025-07-26T10:39:00.529+0000] {taskinstance.py:2306} INFO - Starting attempt 1 of 1
[2025-07-26T10:39:00.533+0000] {taskinstance.py:2330} INFO - Executing <Task(PythonOperator): insert_row> on 2025-07-26 10:38:59.763188+00:00
[2025-07-26T10:39:00.536+0000] {logging_mixin.py:188} WARNING - /home/***/.local/lib/python3.12/site-packages/***/task/task_runner/standard_task_runner.py:62 DeprecationWarning: This process (pid=14689) is multi-threaded, use of fork() may lead to deadlocks in the child.
[2025-07-26T10:39:00.537+0000] {standard_task_runner.py:64} INFO - Started process 14714 to run task
[2025-07-26T10:39:00.537+0000] {standard_task_runner.py:90} INFO - Running: ['***', 'tasks', 'run', 'insert_next_row_dag', 'insert_row', 'manual__2025-07-26T10:38:59.763188+00:00', '--job-id', '17', '--raw', '--subdir', 'DAGS_FOLDER/simulate_realtime_insert.py', '--cfg-path', '/tmp/tmpzvnw90fe']
[2025-07-26T10:39:00.538+0000] {standard_task_runner.py:91} INFO - Job 17: Subtask insert_row
[2025-07-26T10:39:00.545+0000] {logging_mixin.py:188} WARNING - /home/***/.local/lib/python3.12/site-packages/***/settings.py:195 DeprecationWarning: The sql_alchemy_conn option in [core] has been moved to the sql_alchemy_conn option in [database] - the old setting has been used, but please update your config.
[2025-07-26T10:39:00.569+0000] {task_command.py:426} INFO - Running <TaskInstance: insert_next_row_dag.insert_row manual__2025-07-26T10:38:59.763188+00:00 [running]> on host 2992d32593f0
[2025-07-26T10:39:00.670+0000] {taskinstance.py:2648} INFO - Exporting env vars: AIRFLOW_CTX_DAG_OWNER='***' AIRFLOW_CTX_DAG_ID='insert_next_row_dag' AIRFLOW_CTX_TASK_ID='insert_row' AIRFLOW_CTX_EXECUTION_DATE='2025-07-26T10:38:59.763188+00:00' AIRFLOW_CTX_TRY_NUMBER='1' AIRFLOW_CTX_DAG_RUN_ID='manual__2025-07-26T10:38:59.763188+00:00'
[2025-07-26T10:39:00.671+0000] {taskinstance.py:430} INFO - ::endgroup::
[2025-07-26T10:39:00.703+0000] {logging_mixin.py:188} WARNING - /opt/***/dags/simulate_realtime_insert.py:35 SettingWithCopyWarning: 
A value is trying to be set on a copy of a slice from a DataFrame.
Try using .loc[row_indexer,col_indexer] = value instead

See the caveats in the documentation: https://pandas.pydata.org/pandas-docs/stable/user_guide/indexing.html#returning-a-view-versus-a-copy
[2025-07-26T10:39:00.704+0000] {logging_mixin.py:188} INFO - Row 11 to insert:
[2025-07-26T10:39:00.705+0000] {logging_mixin.py:188} INFO - | user_id                      | parent_asin   |   rating | timestamp                  | main_category   | title                                         | description                                                                                                                                                                                                                                                                                                                                                                                                                                                                                                                                                                                                                                                                                                                                                                                                                                                                                                                                                                                                                                                                                                                                       | categories                                             |   price | source   |
|:-----------------------------|:--------------|---------:|:---------------------------|:----------------|:----------------------------------------------|:--------------------------------------------------------------------------------------------------------------------------------------------------------------------------------------------------------------------------------------------------------------------------------------------------------------------------------------------------------------------------------------------------------------------------------------------------------------------------------------------------------------------------------------------------------------------------------------------------------------------------------------------------------------------------------------------------------------------------------------------------------------------------------------------------------------------------------------------------------------------------------------------------------------------------------------------------------------------------------------------------------------------------------------------------------------------------------------------------------------------------------------------------|:-------------------------------------------------------|--------:|:---------|
| AG74HFXFS4ZTZEG7BQKB2TX5PKHA | B00292BX8U    |        5 | 2022-06-18 15:07:21.184000 | Toys & Games    | Rockin' Rider Legacy Grow-with-Me Pony, Large | {"Rockin' Rider Legacy Grow-with-Me Pony grows with your child from a bouncer (9m+) to a rocker (12m+) to a spring horse (24m+). He sings the exclusive "I'm a Little Pony" song when his right ear is pressed and says 6 fun talking phrases with sound effects when his left ear is pressed. Your child will be amazed by Legacy's synchronized moving mouth when he sings and talks. The soft and huggable plush is preferred by both Moms and Kids. Parents will appreciate that Legacy converts from rocker to spring horse in minutes without tools. The safety seat is safe for toddlers as young as 9 months and can be removed as your child grows. Additional features include motion-activated galloping sounds, 2-position stirrups, easy-grip handles, a detailed colorful saddle, embroidered eyes, and a sturdy plastic base. Parents can select the volume level that's right for their home. Some assembly required. Saddle height in bouncer and rocker mode is 15 inches. Saddle height in spring horse mode is 19 inches. Requires 3 AA batteries included. Legacy is recommended for ages 9 to 36 months and up to 50 lbs."} | {"Toys & Games", "Preschool", "Pre-Kindergarten Toys"} |  143.99 | val      |
[2025-07-26T10:39:01.749+0000] {logging_mixin.py:188} INFO - Inserted row 11
[2025-07-26T10:39:01.754+0000] {crypto.py:82} WARNING - empty cryptography key - values will not be stored encrypted.
[2025-07-26T10:39:01.756+0000] {python.py:237} INFO - Done. Returned value was: None
[2025-07-26T10:39:01.756+0000] {taskinstance.py:441} INFO - ::group::Post task execution logs
[2025-07-26T10:39:01.761+0000] {taskinstance.py:1206} INFO - Marking task as SUCCESS. dag_id=insert_next_row_dag, task_id=insert_row, run_id=manual__2025-07-26T10:38:59.763188+00:00, execution_date=20250726T103859, start_date=20250726T103900, end_date=20250726T103901
[2025-07-26T10:39:01.792+0000] {local_task_job_runner.py:243} INFO - Task exited with return code 0
[2025-07-26T10:39:01.815+0000] {taskinstance.py:3503} INFO - 0 downstream tasks scheduled from follow-on schedule check
[2025-07-26T10:39:01.817+0000] {local_task_job_runner.py:222} INFO - ::endgroup::
