[2025-07-26T10:34:58.401+0000] {local_task_job_runner.py:120} INFO - ::group::Pre task execution logs
[2025-07-26T10:34:58.411+0000] {taskinstance.py:2076} INFO - Dependencies all met for dep_context=non-requeueable deps ti=<TaskInstance: insert_next_row_dag.insert_row manual__2025-07-26T10:34:57.276101+00:00 [queued]>
[2025-07-26T10:34:58.415+0000] {taskinstance.py:2076} INFO - Dependencies all met for dep_context=requeueable deps ti=<TaskInstance: insert_next_row_dag.insert_row manual__2025-07-26T10:34:57.276101+00:00 [queued]>
[2025-07-26T10:34:58.415+0000] {taskinstance.py:2306} INFO - Starting attempt 1 of 1
[2025-07-26T10:34:58.422+0000] {taskinstance.py:2330} INFO - Executing <Task(PythonOperator): insert_row> on 2025-07-26 10:34:57.276101+00:00
[2025-07-26T10:34:58.430+0000] {logging_mixin.py:188} WARNING - /home/***/.local/lib/python3.12/site-packages/***/task/task_runner/standard_task_runner.py:62 DeprecationWarning: This process (pid=13879) is multi-threaded, use of fork() may lead to deadlocks in the child.
[2025-07-26T10:34:58.431+0000] {standard_task_runner.py:64} INFO - Started process 13904 to run task
[2025-07-26T10:34:58.430+0000] {standard_task_runner.py:90} INFO - Running: ['***', 'tasks', 'run', 'insert_next_row_dag', 'insert_row', 'manual__2025-07-26T10:34:57.276101+00:00', '--job-id', '13', '--raw', '--subdir', 'DAGS_FOLDER/simulate_realtime_insert.py', '--cfg-path', '/tmp/tmpy9a1euy3']
[2025-07-26T10:34:58.433+0000] {standard_task_runner.py:91} INFO - Job 13: Subtask insert_row
[2025-07-26T10:34:58.447+0000] {logging_mixin.py:188} WARNING - /home/***/.local/lib/python3.12/site-packages/***/settings.py:195 DeprecationWarning: The sql_alchemy_conn option in [core] has been moved to the sql_alchemy_conn option in [database] - the old setting has been used, but please update your config.
[2025-07-26T10:34:58.489+0000] {task_command.py:426} INFO - Running <TaskInstance: insert_next_row_dag.insert_row manual__2025-07-26T10:34:57.276101+00:00 [running]> on host 2992d32593f0
[2025-07-26T10:34:58.560+0000] {taskinstance.py:2648} INFO - Exporting env vars: AIRFLOW_CTX_DAG_OWNER='***' AIRFLOW_CTX_DAG_ID='insert_next_row_dag' AIRFLOW_CTX_TASK_ID='insert_row' AIRFLOW_CTX_EXECUTION_DATE='2025-07-26T10:34:57.276101+00:00' AIRFLOW_CTX_TRY_NUMBER='1' AIRFLOW_CTX_DAG_RUN_ID='manual__2025-07-26T10:34:57.276101+00:00'
[2025-07-26T10:34:58.560+0000] {taskinstance.py:430} INFO - ::endgroup::
[2025-07-26T10:34:58.592+0000] {logging_mixin.py:188} WARNING - /opt/***/dags/simulate_realtime_insert.py:35 SettingWithCopyWarning: 
A value is trying to be set on a copy of a slice from a DataFrame.
Try using .loc[row_indexer,col_indexer] = value instead

See the caveats in the documentation: https://pandas.pydata.org/pandas-docs/stable/user_guide/indexing.html#returning-a-view-versus-a-copy
[2025-07-26T10:34:58.593+0000] {logging_mixin.py:188} INFO - Row 7 to insert:
[2025-07-26T10:34:58.594+0000] {logging_mixin.py:188} INFO - | user_id                      | parent_asin   |   rating | timestamp                  | main_category   | title                                                                                                        | description                                                                                                                                                                                                                                                                                                                                                                                                                                                                                                  | categories                                                                    |   price | source   |
|:-----------------------------|:--------------|---------:|:---------------------------|:----------------|:-------------------------------------------------------------------------------------------------------------|:-------------------------------------------------------------------------------------------------------------------------------------------------------------------------------------------------------------------------------------------------------------------------------------------------------------------------------------------------------------------------------------------------------------------------------------------------------------------------------------------------------------|:------------------------------------------------------------------------------|--------:|:---------|
| AHVIBV6S3HEKNQY4IXU5GW55UAGQ | B08JC8TJ79    |        4 | 2022-06-17 15:43:02.952000 | Toys & Games    | WALIKI Hopper Ball| Hippity Hop | Jumping Hopping Therapy Ball | Relay Races | Red 18” (Ages: 3-6 (18"/45CM) | {"Waliki's Hopper Ball Making exercise fun! Also known as Bouncy Ball with handles, Kangaroo Bouncer, Hopping Ball, Hoppity Hop, Sit and Bounce, Jumping Ball. Give your children a Hop Ball and watch them go! Thicker and more durable than other generic brands on amazon, our Hopper Balls are a fabulously fun way for kids to exercise without even knowing it. We guarantee children will burn off their extra energy and parents will enjoy watching the action. Free double-action pump included."} | {"Toys & Games", "Sports & Outdoor Play", "Pogo Sticks & Hoppers", "Hoppers"} |   19.99 | val      |
[2025-07-26T10:34:59.798+0000] {logging_mixin.py:188} INFO - Inserted row 7
[2025-07-26T10:34:59.803+0000] {crypto.py:82} WARNING - empty cryptography key - values will not be stored encrypted.
[2025-07-26T10:34:59.805+0000] {python.py:237} INFO - Done. Returned value was: None
[2025-07-26T10:34:59.805+0000] {taskinstance.py:441} INFO - ::group::Post task execution logs
[2025-07-26T10:34:59.811+0000] {taskinstance.py:1206} INFO - Marking task as SUCCESS. dag_id=insert_next_row_dag, task_id=insert_row, run_id=manual__2025-07-26T10:34:57.276101+00:00, execution_date=20250726T103457, start_date=20250726T103458, end_date=20250726T103459
[2025-07-26T10:34:59.848+0000] {local_task_job_runner.py:243} INFO - Task exited with return code 0
[2025-07-26T10:34:59.873+0000] {taskinstance.py:3503} INFO - 0 downstream tasks scheduled from follow-on schedule check
[2025-07-26T10:34:59.875+0000] {local_task_job_runner.py:222} INFO - ::endgroup::
