[2025-07-26T10:35:00.512+0000] {local_task_job_runner.py:120} INFO - ::group::Pre task execution logs
[2025-07-26T10:35:00.523+0000] {taskinstance.py:2076} INFO - Dependencies all met for dep_context=non-requeueable deps ti=<TaskInstance: insert_next_row_dag.insert_row manual__2025-07-26T10:34:59.577690+00:00 [queued]>
[2025-07-26T10:35:00.526+0000] {taskinstance.py:2076} INFO - Dependencies all met for dep_context=requeueable deps ti=<TaskInstance: insert_next_row_dag.insert_row manual__2025-07-26T10:34:59.577690+00:00 [queued]>
[2025-07-26T10:35:00.526+0000] {taskinstance.py:2306} INFO - Starting attempt 1 of 1
[2025-07-26T10:35:00.530+0000] {taskinstance.py:2330} INFO - Executing <Task(PythonOperator): insert_row> on 2025-07-26 10:34:59.577690+00:00
[2025-07-26T10:35:00.534+0000] {logging_mixin.py:188} WARNING - /home/***/.local/lib/python3.12/site-packages/***/task/task_runner/standard_task_runner.py:62 DeprecationWarning: This process (pid=13917) is multi-threaded, use of fork() may lead to deadlocks in the child.
[2025-07-26T10:35:00.534+0000] {standard_task_runner.py:64} INFO - Started process 13942 to run task
[2025-07-26T10:35:00.534+0000] {standard_task_runner.py:90} INFO - Running: ['***', 'tasks', 'run', 'insert_next_row_dag', 'insert_row', 'manual__2025-07-26T10:34:59.577690+00:00', '--job-id', '14', '--raw', '--subdir', 'DAGS_FOLDER/simulate_realtime_insert.py', '--cfg-path', '/tmp/tmprui154ua']
[2025-07-26T10:35:00.535+0000] {standard_task_runner.py:91} INFO - Job 14: Subtask insert_row
[2025-07-26T10:35:00.542+0000] {logging_mixin.py:188} WARNING - /home/***/.local/lib/python3.12/site-packages/***/settings.py:195 DeprecationWarning: The sql_alchemy_conn option in [core] has been moved to the sql_alchemy_conn option in [database] - the old setting has been used, but please update your config.
[2025-07-26T10:35:00.559+0000] {task_command.py:426} INFO - Running <TaskInstance: insert_next_row_dag.insert_row manual__2025-07-26T10:34:59.577690+00:00 [running]> on host 2992d32593f0
[2025-07-26T10:35:00.627+0000] {taskinstance.py:2648} INFO - Exporting env vars: AIRFLOW_CTX_DAG_OWNER='***' AIRFLOW_CTX_DAG_ID='insert_next_row_dag' AIRFLOW_CTX_TASK_ID='insert_row' AIRFLOW_CTX_EXECUTION_DATE='2025-07-26T10:34:59.577690+00:00' AIRFLOW_CTX_TRY_NUMBER='1' AIRFLOW_CTX_DAG_RUN_ID='manual__2025-07-26T10:34:59.577690+00:00'
[2025-07-26T10:35:00.629+0000] {taskinstance.py:430} INFO - ::endgroup::
[2025-07-26T10:35:00.667+0000] {logging_mixin.py:188} WARNING - /opt/***/dags/simulate_realtime_insert.py:35 SettingWithCopyWarning: 
A value is trying to be set on a copy of a slice from a DataFrame.
Try using .loc[row_indexer,col_indexer] = value instead

See the caveats in the documentation: https://pandas.pydata.org/pandas-docs/stable/user_guide/indexing.html#returning-a-view-versus-a-copy
[2025-07-26T10:35:00.668+0000] {logging_mixin.py:188} INFO - Row 8 to insert:
[2025-07-26T10:35:00.669+0000] {logging_mixin.py:188} INFO - | user_id                      | parent_asin   |   rating | timestamp                  | main_category   | title                                                                                                                                       | description                                                                                                                                                                                                                                                                                                                                                                                                                                                                                                                                                                                                                                                                                                                                                                                                                                                                                 | categories                |   price | source   |
|:-----------------------------|:--------------|---------:|:---------------------------|:----------------|:--------------------------------------------------------------------------------------------------------------------------------------------|:--------------------------------------------------------------------------------------------------------------------------------------------------------------------------------------------------------------------------------------------------------------------------------------------------------------------------------------------------------------------------------------------------------------------------------------------------------------------------------------------------------------------------------------------------------------------------------------------------------------------------------------------------------------------------------------------------------------------------------------------------------------------------------------------------------------------------------------------------------------------------------------------|:--------------------------|--------:|:---------|
| AEVRUPMNAGE2B55JONLICR3C2D7Q | B07D7SBMRT    |        5 | 2022-06-17 20:12:21.592000 | Toys & Games    | The Learning Journey: Match It! Memory - Mathematics - STEM Addition and Subtraction Game Helps to Teach Early Math Facts 30 Matching Pairs | {"Product Description", "Match It! Mathematics Memory is a fun memory game that will challenge problem solving and develop memory skills of young children as they try to find a pair of matching cards that complete the equation. Bright, colorful illustrations help children learn basic addition and subtraction.", "From the Manufacturer", "The Match It Memory series is a fun game series that will challenge problem solving and develop memory skills of young children as they try to find a pair of matching cards. Bright colorful illustrations will introduce a variety of themes including alphabet, mathematics, counting, first words and spelling and also encourage discussions between parent and child. Match It Memory games are great family games for all ages. This Mathematics-themed game of memory includes 30 double-sided matching pairs. Ages 3 + years."} | {"Toys & Games", "Deals"} |    6.48 | val      |
[2025-07-26T10:35:01.743+0000] {logging_mixin.py:188} INFO - Inserted row 8
[2025-07-26T10:35:01.750+0000] {crypto.py:82} WARNING - empty cryptography key - values will not be stored encrypted.
[2025-07-26T10:35:01.761+0000] {python.py:237} INFO - Done. Returned value was: None
[2025-07-26T10:35:01.762+0000] {taskinstance.py:441} INFO - ::group::Post task execution logs
[2025-07-26T10:35:01.778+0000] {taskinstance.py:1206} INFO - Marking task as SUCCESS. dag_id=insert_next_row_dag, task_id=insert_row, run_id=manual__2025-07-26T10:34:59.577690+00:00, execution_date=20250726T103459, start_date=20250726T103500, end_date=20250726T103501
[2025-07-26T10:35:01.830+0000] {local_task_job_runner.py:243} INFO - Task exited with return code 0
[2025-07-26T10:35:01.846+0000] {taskinstance.py:3503} INFO - 0 downstream tasks scheduled from follow-on schedule check
[2025-07-26T10:35:01.847+0000] {local_task_job_runner.py:222} INFO - ::endgroup::
