[2025-07-26T13:55:36.359+0000] {local_task_job_runner.py:120} INFO - ::group::Pre task execution logs
[2025-07-26T13:55:36.371+0000] {taskinstance.py:2076} INFO - Dependencies all met for dep_context=non-requeueable deps ti=<TaskInstance: insert_next_row_dag.insert_row manual__2025-07-26T13:55:35.804795+00:00 [queued]>
[2025-07-26T13:55:36.377+0000] {taskinstance.py:2076} INFO - Dependencies all met for dep_context=requeueable deps ti=<TaskInstance: insert_next_row_dag.insert_row manual__2025-07-26T13:55:35.804795+00:00 [queued]>
[2025-07-26T13:55:36.377+0000] {taskinstance.py:2306} INFO - Starting attempt 1 of 1
[2025-07-26T13:55:36.384+0000] {taskinstance.py:2330} INFO - Executing <Task(PythonOperator): insert_row> on 2025-07-26 13:55:35.804795+00:00
[2025-07-26T13:55:36.388+0000] {logging_mixin.py:188} WARNING - /home/***/.local/lib/python3.12/site-packages/***/task/task_runner/standard_task_runner.py:62 DeprecationWarning: This process (pid=48265) is multi-threaded, use of fork() may lead to deadlocks in the child.
[2025-07-26T13:55:36.389+0000] {standard_task_runner.py:64} INFO - Started process 48290 to run task
[2025-07-26T13:55:36.389+0000] {standard_task_runner.py:90} INFO - Running: ['***', 'tasks', 'run', 'insert_next_row_dag', 'insert_row', 'manual__2025-07-26T13:55:35.804795+00:00', '--job-id', '60', '--raw', '--subdir', 'DAGS_FOLDER/simulate_realtime_insert.py', '--cfg-path', '/tmp/tmpnyhz8jph']
[2025-07-26T13:55:36.390+0000] {standard_task_runner.py:91} INFO - Job 60: Subtask insert_row
[2025-07-26T13:55:36.401+0000] {logging_mixin.py:188} WARNING - /home/***/.local/lib/python3.12/site-packages/***/settings.py:195 DeprecationWarning: The sql_alchemy_conn option in [core] has been moved to the sql_alchemy_conn option in [database] - the old setting has been used, but please update your config.
[2025-07-26T13:55:36.448+0000] {task_command.py:426} INFO - Running <TaskInstance: insert_next_row_dag.insert_row manual__2025-07-26T13:55:35.804795+00:00 [running]> on host 2992d32593f0
[2025-07-26T13:55:36.516+0000] {taskinstance.py:2648} INFO - Exporting env vars: AIRFLOW_CTX_DAG_OWNER='***' AIRFLOW_CTX_DAG_ID='insert_next_row_dag' AIRFLOW_CTX_TASK_ID='insert_row' AIRFLOW_CTX_EXECUTION_DATE='2025-07-26T13:55:35.804795+00:00' AIRFLOW_CTX_TRY_NUMBER='1' AIRFLOW_CTX_DAG_RUN_ID='manual__2025-07-26T13:55:35.804795+00:00'
[2025-07-26T13:55:36.517+0000] {taskinstance.py:430} INFO - ::endgroup::
[2025-07-26T13:55:36.547+0000] {logging_mixin.py:188} WARNING - /opt/***/dags/simulate_realtime_insert.py:35 SettingWithCopyWarning: 
A value is trying to be set on a copy of a slice from a DataFrame.
Try using .loc[row_indexer,col_indexer] = value instead

See the caveats in the documentation: https://pandas.pydata.org/pandas-docs/stable/user_guide/indexing.html#returning-a-view-versus-a-copy
[2025-07-26T13:55:36.548+0000] {logging_mixin.py:188} INFO - Row 12 to insert:
[2025-07-26T13:55:36.550+0000] {logging_mixin.py:188} INFO - | user_id                      | parent_asin   |   rating | timestamp                  | main_category   | title                                                                                                                         | description                                                                                                                                                                                                                                                                                                                                                                                                                                                                                                                                                                                                                                                                                                                                                                                       | categories                                                                         |   price | source   |
|:-----------------------------|:--------------|---------:|:---------------------------|:----------------|:------------------------------------------------------------------------------------------------------------------------------|:--------------------------------------------------------------------------------------------------------------------------------------------------------------------------------------------------------------------------------------------------------------------------------------------------------------------------------------------------------------------------------------------------------------------------------------------------------------------------------------------------------------------------------------------------------------------------------------------------------------------------------------------------------------------------------------------------------------------------------------------------------------------------------------------------|:-----------------------------------------------------------------------------------|--------:|:---------|
| AFMMKVGHGWAXAB6P4VW64RYHWBVQ | B07F914D17    |        5 | 2022-06-19 01:22:20.739000 | Toys & Games    | UNO Minecraft Card Game Videogame-Themed Collectors Deck 112 Cards With Character Images, Gift For Fans Ages 7 Years Old & Up | {"As in the UNO you love, UNO Minecraft gameplay involves players racing to get rid of all their cards, but this version features cards with Minecraft characters and images and a special rule! You want to match a card in your hand with the current card shown on top of the deck, and you'll score points for the cards your opponents are left holding. And in UNO Minecraft, there's also a new type of action card; when you draw the Creeper card, show it to the other players and they'll have to draw three more cards! The first player to reach 500 points wins. When you're down to one card, don't forget to yell 'UNO!' Contains 112 cards plus instructions. For 2 to 10 players, ages 7 and older. Easy to pick up, impossible to put down. Colors and decorations may vary."} | {"Toys & Games", "Games & Accessories", "Card Games", "Dedicated Deck Card Games"} |    6.44 | val      |
[2025-07-26T13:55:37.595+0000] {logging_mixin.py:188} INFO - Inserted row 12
[2025-07-26T13:55:37.607+0000] {crypto.py:82} WARNING - empty cryptography key - values will not be stored encrypted.
[2025-07-26T13:55:37.613+0000] {python.py:237} INFO - Done. Returned value was: None
[2025-07-26T13:55:37.614+0000] {taskinstance.py:441} INFO - ::group::Post task execution logs
[2025-07-26T13:55:37.628+0000] {taskinstance.py:1206} INFO - Marking task as SUCCESS. dag_id=insert_next_row_dag, task_id=insert_row, run_id=manual__2025-07-26T13:55:35.804795+00:00, execution_date=20250726T135535, start_date=20250726T135536, end_date=20250726T135537
[2025-07-26T13:55:37.685+0000] {local_task_job_runner.py:243} INFO - Task exited with return code 0
[2025-07-26T13:55:37.715+0000] {taskinstance.py:3503} INFO - 0 downstream tasks scheduled from follow-on schedule check
[2025-07-26T13:55:37.716+0000] {local_task_job_runner.py:222} INFO - ::endgroup::
