[2025-07-26T10:42:03.816+0000] {local_task_job_runner.py:120} INFO - ::group::Pre task execution logs
[2025-07-26T10:42:03.827+0000] {taskinstance.py:2076} INFO - Dependencies all met for dep_context=non-requeueable deps ti=<TaskInstance: insert_next_row_dag.insert_row manual__2025-07-26T10:42:02.964257+00:00 [queued]>
[2025-07-26T10:42:03.830+0000] {taskinstance.py:2076} INFO - Dependencies all met for dep_context=requeueable deps ti=<TaskInstance: insert_next_row_dag.insert_row manual__2025-07-26T10:42:02.964257+00:00 [queued]>
[2025-07-26T10:42:03.830+0000] {taskinstance.py:2306} INFO - Starting attempt 1 of 1
[2025-07-26T10:42:03.834+0000] {taskinstance.py:2330} INFO - Executing <Task(PythonOperator): insert_row> on 2025-07-26 10:42:02.964257+00:00
[2025-07-26T10:42:03.838+0000] {logging_mixin.py:188} WARNING - /home/***/.local/lib/python3.12/site-packages/***/task/task_runner/standard_task_runner.py:62 DeprecationWarning: This process (pid=15300) is multi-threaded, use of fork() may lead to deadlocks in the child.
[2025-07-26T10:42:03.839+0000] {standard_task_runner.py:64} INFO - Started process 15325 to run task
[2025-07-26T10:42:03.839+0000] {standard_task_runner.py:90} INFO - Running: ['***', 'tasks', 'run', 'insert_next_row_dag', 'insert_row', 'manual__2025-07-26T10:42:02.964257+00:00', '--job-id', '20', '--raw', '--subdir', 'DAGS_FOLDER/simulate_realtime_insert.py', '--cfg-path', '/tmp/tmp7ia1u_kq']
[2025-07-26T10:42:03.839+0000] {standard_task_runner.py:91} INFO - Job 20: Subtask insert_row
[2025-07-26T10:42:03.846+0000] {logging_mixin.py:188} WARNING - /home/***/.local/lib/python3.12/site-packages/***/settings.py:195 DeprecationWarning: The sql_alchemy_conn option in [core] has been moved to the sql_alchemy_conn option in [database] - the old setting has been used, but please update your config.
[2025-07-26T10:42:03.863+0000] {task_command.py:426} INFO - Running <TaskInstance: insert_next_row_dag.insert_row manual__2025-07-26T10:42:02.964257+00:00 [running]> on host 2992d32593f0
[2025-07-26T10:42:03.919+0000] {taskinstance.py:2648} INFO - Exporting env vars: AIRFLOW_CTX_DAG_OWNER='***' AIRFLOW_CTX_DAG_ID='insert_next_row_dag' AIRFLOW_CTX_TASK_ID='insert_row' AIRFLOW_CTX_EXECUTION_DATE='2025-07-26T10:42:02.964257+00:00' AIRFLOW_CTX_TRY_NUMBER='1' AIRFLOW_CTX_DAG_RUN_ID='manual__2025-07-26T10:42:02.964257+00:00'
[2025-07-26T10:42:03.919+0000] {taskinstance.py:430} INFO - ::endgroup::
[2025-07-26T10:42:03.944+0000] {logging_mixin.py:188} WARNING - /opt/***/dags/simulate_realtime_insert.py:35 SettingWithCopyWarning: 
A value is trying to be set on a copy of a slice from a DataFrame.
Try using .loc[row_indexer,col_indexer] = value instead

See the caveats in the documentation: https://pandas.pydata.org/pandas-docs/stable/user_guide/indexing.html#returning-a-view-versus-a-copy
[2025-07-26T10:42:03.944+0000] {logging_mixin.py:188} INFO - Row 14 to insert:
[2025-07-26T10:42:03.945+0000] {logging_mixin.py:188} INFO - | user_id                      | parent_asin   |   rating | timestamp                  | main_category   | title                                                    | description                                                                                                                                                                                                                                                                                                                                                                                                                                                                                                                                                                                                                                                                                                                                                                 | categories                                             |   price | source   |
|:-----------------------------|:--------------|---------:|:---------------------------|:----------------|:---------------------------------------------------------|:----------------------------------------------------------------------------------------------------------------------------------------------------------------------------------------------------------------------------------------------------------------------------------------------------------------------------------------------------------------------------------------------------------------------------------------------------------------------------------------------------------------------------------------------------------------------------------------------------------------------------------------------------------------------------------------------------------------------------------------------------------------------------|:-------------------------------------------------------|--------:|:---------|
| AHXN2PNNVX52RA5652UAOAD2UN5Q | B01CNBJYCI    |        4 | 2022-06-20 16:00:16.720000 | Toys & Games    | VTech Go! Go! Smart Wheels Freight Train with Tanker Car | {"Product Description", "Fred the motorized Go! Go! Smart Wheels Freight Train by VTech loves chugging along with heavy cargo. Your little conductor can press the light-up button to hear sing-along songs and learn the letter F or push him along to play cheerful melodies and sound effects. Pretend to fill up the detachable tanker car by spinning the tanker's drum to develop motor skills. This cute little train also responds to SmartPoint locations on Go! Go! Smart Wheels playsets (sold separately) with fun phrases, music and more. It's playtime with miles of learning! Requires 3 AAA batteries (batteries included for demo purposes only; new batteries recommended for regular use). Intended for ages 1 to 5 years.", "Brand Story", "By VTech"} | {"Toys & Games", "Preschool", "Pre-Kindergarten Toys"} |   17.99 | val      |
[2025-07-26T10:42:05.022+0000] {logging_mixin.py:188} INFO - Inserted row 14
[2025-07-26T10:42:05.033+0000] {crypto.py:82} WARNING - empty cryptography key - values will not be stored encrypted.
[2025-07-26T10:42:05.038+0000] {python.py:237} INFO - Done. Returned value was: None
[2025-07-26T10:42:05.039+0000] {taskinstance.py:441} INFO - ::group::Post task execution logs
[2025-07-26T10:42:05.055+0000] {taskinstance.py:1206} INFO - Marking task as SUCCESS. dag_id=insert_next_row_dag, task_id=insert_row, run_id=manual__2025-07-26T10:42:02.964257+00:00, execution_date=20250726T104202, start_date=20250726T104203, end_date=20250726T104205
[2025-07-26T10:42:05.094+0000] {local_task_job_runner.py:243} INFO - Task exited with return code 0
[2025-07-26T10:42:05.120+0000] {taskinstance.py:3503} INFO - 0 downstream tasks scheduled from follow-on schedule check
[2025-07-26T10:42:05.121+0000] {local_task_job_runner.py:222} INFO - ::endgroup::
