[2025-07-26T11:12:20.239+0000] {local_task_job_runner.py:120} INFO - ::group::Pre task execution logs
[2025-07-26T11:12:20.248+0000] {taskinstance.py:2076} INFO - Dependencies all met for dep_context=non-requeueable deps ti=<TaskInstance: insert_next_row_dag.insert_row manual__2025-07-26T11:12:19.178744+00:00 [queued]>
[2025-07-26T11:12:20.251+0000] {taskinstance.py:2076} INFO - Dependencies all met for dep_context=requeueable deps ti=<TaskInstance: insert_next_row_dag.insert_row manual__2025-07-26T11:12:19.178744+00:00 [queued]>
[2025-07-26T11:12:20.251+0000] {taskinstance.py:2306} INFO - Starting attempt 1 of 1
[2025-07-26T11:12:20.255+0000] {taskinstance.py:2330} INFO - Executing <Task(PythonOperator): insert_row> on 2025-07-26 11:12:19.178744+00:00
[2025-07-26T11:12:20.259+0000] {logging_mixin.py:188} WARNING - /home/***/.local/lib/python3.12/site-packages/***/task/task_runner/standard_task_runner.py:62 DeprecationWarning: This process (pid=20456) is multi-threaded, use of fork() may lead to deadlocks in the child.
[2025-07-26T11:12:20.260+0000] {standard_task_runner.py:64} INFO - Started process 20508 to run task
[2025-07-26T11:12:20.259+0000] {standard_task_runner.py:90} INFO - Running: ['***', 'tasks', 'run', 'insert_next_row_dag', 'insert_row', 'manual__2025-07-26T11:12:19.178744+00:00', '--job-id', '26', '--raw', '--subdir', 'DAGS_FOLDER/simulate_realtime_insert.py', '--cfg-path', '/tmp/tmpnf2a90n2']
[2025-07-26T11:12:20.260+0000] {standard_task_runner.py:91} INFO - Job 26: Subtask insert_row
[2025-07-26T11:12:20.265+0000] {logging_mixin.py:188} WARNING - /home/***/.local/lib/python3.12/site-packages/***/settings.py:195 DeprecationWarning: The sql_alchemy_conn option in [core] has been moved to the sql_alchemy_conn option in [database] - the old setting has been used, but please update your config.
[2025-07-26T11:12:20.278+0000] {task_command.py:426} INFO - Running <TaskInstance: insert_next_row_dag.insert_row manual__2025-07-26T11:12:19.178744+00:00 [running]> on host 2992d32593f0
[2025-07-26T11:12:20.312+0000] {taskinstance.py:2648} INFO - Exporting env vars: AIRFLOW_CTX_DAG_OWNER='***' AIRFLOW_CTX_DAG_ID='insert_next_row_dag' AIRFLOW_CTX_TASK_ID='insert_row' AIRFLOW_CTX_EXECUTION_DATE='2025-07-26T11:12:19.178744+00:00' AIRFLOW_CTX_TRY_NUMBER='1' AIRFLOW_CTX_DAG_RUN_ID='manual__2025-07-26T11:12:19.178744+00:00'
[2025-07-26T11:12:20.313+0000] {taskinstance.py:430} INFO - ::endgroup::
[2025-07-26T11:12:20.347+0000] {logging_mixin.py:188} WARNING - /opt/***/dags/simulate_realtime_insert.py:35 SettingWithCopyWarning: 
A value is trying to be set on a copy of a slice from a DataFrame.
Try using .loc[row_indexer,col_indexer] = value instead

See the caveats in the documentation: https://pandas.pydata.org/pandas-docs/stable/user_guide/indexing.html#returning-a-view-versus-a-copy
[2025-07-26T11:12:20.347+0000] {logging_mixin.py:188} INFO - Row 19 to insert:
[2025-07-26T11:12:20.348+0000] {logging_mixin.py:188} INFO - | user_id                      | parent_asin   |   rating | timestamp                  | main_category   | title                                                                                                          | description                                                                                                                                                                                                                                                                                                                                                                                                                                                                                                                                                                                                                                                                                                                                                                                                                                                                                                                                                                                                                                                                                           | categories                                                      |   price | source   |
|:-----------------------------|:--------------|---------:|:---------------------------|:----------------|:---------------------------------------------------------------------------------------------------------------|:------------------------------------------------------------------------------------------------------------------------------------------------------------------------------------------------------------------------------------------------------------------------------------------------------------------------------------------------------------------------------------------------------------------------------------------------------------------------------------------------------------------------------------------------------------------------------------------------------------------------------------------------------------------------------------------------------------------------------------------------------------------------------------------------------------------------------------------------------------------------------------------------------------------------------------------------------------------------------------------------------------------------------------------------------------------------------------------------------|:----------------------------------------------------------------|--------:|:---------|
| AFC6GELAFMNIDCVSKFSDK25RYKUA | B07VNBRSNK    |        5 | 2022-06-24 02:25:40.112000 | Toys & Games    | Little Live Aqua Dragons - Deep Sea Habitat - LED Light Up Tank Hatch and Grow Aquatic Pets | Amazon Exclusive | {"Hatch and grow your own live tiny dragon pets, and bring an underwater world to life with Little Live Aqua Dragons! The Deep Sea Habitat Tank is a magical aquarium with a light to make your tiny dragons glow! Aqua Dragons are real, live aquatic creatures that will hatch from eggs and grow into tiny dragon-like critters! Place the eggs into their Habitat Tank, and after 48 hours your tiny dragons will hatch and start swimming about! Feed them and keep their habitat healthy and they'll grow into amazing tiny, three eyed, long tailed, hairy headed creatures just like dragons from another world! Aqua Dragons can grow up to 2cm long, and they can even reproduce! The Little Live Aqua Dragons Deep Sea Habitat comes complete with aquarium, eggs, food and accessories, everything you need to grow your own Aqua Dragon underwater environment. The Deep Sea Habitat battery operated tank also has an LED light to make your dragons glow! An amazing and educational toy for boys and girls who love to take care of animals, and learn about our precious sea life."} | {"Toys & Games", "Learning & Education", "Science Kits & Toys"} |   19.99 | val      |
[2025-07-26T11:12:21.406+0000] {logging_mixin.py:188} INFO - Inserted row 19
[2025-07-26T11:12:21.416+0000] {crypto.py:82} WARNING - empty cryptography key - values will not be stored encrypted.
[2025-07-26T11:12:21.421+0000] {python.py:237} INFO - Done. Returned value was: None
[2025-07-26T11:12:21.422+0000] {taskinstance.py:441} INFO - ::group::Post task execution logs
[2025-07-26T11:12:21.439+0000] {taskinstance.py:1206} INFO - Marking task as SUCCESS. dag_id=insert_next_row_dag, task_id=insert_row, run_id=manual__2025-07-26T11:12:19.178744+00:00, execution_date=20250726T111219, start_date=20250726T111220, end_date=20250726T111221
[2025-07-26T11:12:21.474+0000] {local_task_job_runner.py:243} INFO - Task exited with return code 0
[2025-07-26T11:12:21.485+0000] {taskinstance.py:3503} INFO - 0 downstream tasks scheduled from follow-on schedule check
[2025-07-26T11:12:21.486+0000] {local_task_job_runner.py:222} INFO - ::endgroup::
