[2025-07-26T11:48:34.881+0000] {local_task_job_runner.py:120} INFO - ::group::Pre task execution logs
[2025-07-26T11:48:34.893+0000] {taskinstance.py:2076} INFO - Dependencies all met for dep_context=non-requeueable deps ti=<TaskInstance: insert_next_row_dag.insert_row manual__2025-07-26T11:48:33.654148+00:00 [queued]>
[2025-07-26T11:48:34.897+0000] {taskinstance.py:2076} INFO - Dependencies all met for dep_context=requeueable deps ti=<TaskInstance: insert_next_row_dag.insert_row manual__2025-07-26T11:48:33.654148+00:00 [queued]>
[2025-07-26T11:48:34.898+0000] {taskinstance.py:2306} INFO - Starting attempt 1 of 1
[2025-07-26T11:48:34.903+0000] {taskinstance.py:2330} INFO - Executing <Task(PythonOperator): insert_row> on 2025-07-26 11:48:33.654148+00:00
[2025-07-26T11:48:34.906+0000] {logging_mixin.py:188} WARNING - /home/***/.local/lib/python3.12/site-packages/***/task/task_runner/standard_task_runner.py:62 DeprecationWarning: This process (pid=27003) is multi-threaded, use of fork() may lead to deadlocks in the child.
[2025-07-26T11:48:34.907+0000] {standard_task_runner.py:64} INFO - Started process 27053 to run task
[2025-07-26T11:48:34.907+0000] {standard_task_runner.py:90} INFO - Running: ['***', 'tasks', 'run', 'insert_next_row_dag', 'insert_row', 'manual__2025-07-26T11:48:33.654148+00:00', '--job-id', '46', '--raw', '--subdir', 'DAGS_FOLDER/simulate_realtime_insert.py', '--cfg-path', '/tmp/tmpy3yvnnbj']
[2025-07-26T11:48:34.908+0000] {standard_task_runner.py:91} INFO - Job 46: Subtask insert_row
[2025-07-26T11:48:34.916+0000] {logging_mixin.py:188} WARNING - /home/***/.local/lib/python3.12/site-packages/***/settings.py:195 DeprecationWarning: The sql_alchemy_conn option in [core] has been moved to the sql_alchemy_conn option in [database] - the old setting has been used, but please update your config.
[2025-07-26T11:48:34.929+0000] {task_command.py:426} INFO - Running <TaskInstance: insert_next_row_dag.insert_row manual__2025-07-26T11:48:33.654148+00:00 [running]> on host 2992d32593f0
[2025-07-26T11:48:34.976+0000] {taskinstance.py:2648} INFO - Exporting env vars: AIRFLOW_CTX_DAG_OWNER='***' AIRFLOW_CTX_DAG_ID='insert_next_row_dag' AIRFLOW_CTX_TASK_ID='insert_row' AIRFLOW_CTX_EXECUTION_DATE='2025-07-26T11:48:33.654148+00:00' AIRFLOW_CTX_TRY_NUMBER='1' AIRFLOW_CTX_DAG_RUN_ID='manual__2025-07-26T11:48:33.654148+00:00'
[2025-07-26T11:48:34.977+0000] {taskinstance.py:430} INFO - ::endgroup::
[2025-07-26T11:48:35.002+0000] {logging_mixin.py:188} WARNING - /opt/***/dags/simulate_realtime_insert.py:35 SettingWithCopyWarning: 
A value is trying to be set on a copy of a slice from a DataFrame.
Try using .loc[row_indexer,col_indexer] = value instead

See the caveats in the documentation: https://pandas.pydata.org/pandas-docs/stable/user_guide/indexing.html#returning-a-view-versus-a-copy
[2025-07-26T11:48:35.003+0000] {logging_mixin.py:188} INFO - Row 4 to insert:
[2025-07-26T11:48:35.004+0000] {logging_mixin.py:188} INFO - | user_id                      | parent_asin   |   rating | timestamp                  | main_category   | title                                                                                                                         | description                                                                                                                                                                                                                                                                                                                                                                                                                                                                                                                                                                                                                                                                                                                                                                                                                                           | categories                                                                                      |   price | source   |
|:-----------------------------|:--------------|---------:|:---------------------------|:----------------|:------------------------------------------------------------------------------------------------------------------------------|:------------------------------------------------------------------------------------------------------------------------------------------------------------------------------------------------------------------------------------------------------------------------------------------------------------------------------------------------------------------------------------------------------------------------------------------------------------------------------------------------------------------------------------------------------------------------------------------------------------------------------------------------------------------------------------------------------------------------------------------------------------------------------------------------------------------------------------------------------|:------------------------------------------------------------------------------------------------|--------:|:---------|
| AEJW5NDA3GO6YBTMJBZTSYOZSPKQ | B00NQQTZCO    |        5 | 2022-06-16 14:22:32.704000 | Toys & Games    | MONOPOLY Deal Card Game, Quick-Playing Card Game for 2-5 Players, Game for Families and Kids Ages 8 and Up (Amazon Exclusive) | {"Product Description", "Get a handy way to play the classic property-trading game! Be the first collect 3 full property sets of different colors, and you'll win the Monopoly deal card game. You'll pick up cards when it's your turn and play action cards to charge players rent, steal their cards or demand money for your birthday. Build up property sets, gather piles of money and keep wheeling and dealing until you're the Monopoly deal winner! monopoly and all related characters are trademarks of Hasbro.", "From the Manufacturer", "The fast-paced, addictive card game where your luck can change in the play of a card! Collect 3 complete property sets, but beware of Debt collectors, Forced Deals and the dreaded Deal Breakers, which could change your fortunes at any time! Fun version of Monopoly for ages 8 and up!"} | {"Toys & Games", "Games & Accessories", "Card Games", "Collectible Card Games", "Decks & Sets"} |    7.69 | val      |
[2025-07-26T11:48:36.097+0000] {logging_mixin.py:188} INFO - Inserted row 4
[2025-07-26T11:48:36.107+0000] {crypto.py:82} WARNING - empty cryptography key - values will not be stored encrypted.
[2025-07-26T11:48:36.112+0000] {python.py:237} INFO - Done. Returned value was: None
[2025-07-26T11:48:36.113+0000] {taskinstance.py:441} INFO - ::group::Post task execution logs
[2025-07-26T11:48:36.128+0000] {taskinstance.py:1206} INFO - Marking task as SUCCESS. dag_id=insert_next_row_dag, task_id=insert_row, run_id=manual__2025-07-26T11:48:33.654148+00:00, execution_date=20250726T114833, start_date=20250726T114834, end_date=20250726T114836
[2025-07-26T11:48:36.164+0000] {local_task_job_runner.py:243} INFO - Task exited with return code 0
[2025-07-26T11:48:36.181+0000] {taskinstance.py:3503} INFO - 0 downstream tasks scheduled from follow-on schedule check
[2025-07-26T11:48:36.182+0000] {local_task_job_runner.py:222} INFO - ::endgroup::
