[2025-07-26T13:39:56.420+0000] {local_task_job_runner.py:120} INFO - ::group::Pre task execution logs
[2025-07-26T13:39:56.432+0000] {taskinstance.py:2076} INFO - Dependencies all met for dep_context=non-requeueable deps ti=<TaskInstance: preview_next_row_dag.preview_row manual__2025-07-26T13:39:55.935491+00:00 [queued]>
[2025-07-26T13:39:56.437+0000] {taskinstance.py:2076} INFO - Dependencies all met for dep_context=requeueable deps ti=<TaskInstance: preview_next_row_dag.preview_row manual__2025-07-26T13:39:55.935491+00:00 [queued]>
[2025-07-26T13:39:56.437+0000] {taskinstance.py:2306} INFO - Starting attempt 1 of 1
[2025-07-26T13:39:56.442+0000] {taskinstance.py:2330} INFO - Executing <Task(PythonOperator): preview_row> on 2025-07-26 13:39:55.935491+00:00
[2025-07-26T13:39:56.446+0000] {logging_mixin.py:188} WARNING - /home/***/.local/lib/python3.12/site-packages/***/task/task_runner/standard_task_runner.py:62 DeprecationWarning: This process (pid=45472) is multi-threaded, use of fork() may lead to deadlocks in the child.
[2025-07-26T13:39:56.446+0000] {standard_task_runner.py:64} INFO - Started process 45497 to run task
[2025-07-26T13:39:56.446+0000] {standard_task_runner.py:90} INFO - Running: ['***', 'tasks', 'run', 'preview_next_row_dag', 'preview_row', 'manual__2025-07-26T13:39:55.935491+00:00', '--job-id', '54', '--raw', '--subdir', 'DAGS_FOLDER/preview.py', '--cfg-path', '/tmp/tmpex735jm1']
[2025-07-26T13:39:56.447+0000] {standard_task_runner.py:91} INFO - Job 54: Subtask preview_row
[2025-07-26T13:39:56.453+0000] {logging_mixin.py:188} WARNING - /home/***/.local/lib/python3.12/site-packages/***/settings.py:195 DeprecationWarning: The sql_alchemy_conn option in [core] has been moved to the sql_alchemy_conn option in [database] - the old setting has been used, but please update your config.
[2025-07-26T13:39:56.467+0000] {task_command.py:426} INFO - Running <TaskInstance: preview_next_row_dag.preview_row manual__2025-07-26T13:39:55.935491+00:00 [running]> on host 2992d32593f0
[2025-07-26T13:39:56.508+0000] {taskinstance.py:2648} INFO - Exporting env vars: AIRFLOW_CTX_DAG_OWNER='***' AIRFLOW_CTX_DAG_ID='preview_next_row_dag' AIRFLOW_CTX_TASK_ID='preview_row' AIRFLOW_CTX_EXECUTION_DATE='2025-07-26T13:39:55.935491+00:00' AIRFLOW_CTX_TRY_NUMBER='1' AIRFLOW_CTX_DAG_RUN_ID='manual__2025-07-26T13:39:55.935491+00:00'
[2025-07-26T13:39:56.509+0000] {taskinstance.py:430} INFO - ::endgroup::
[2025-07-26T13:39:56.518+0000] {logging_mixin.py:188} INFO - Reading from: /opt/***/data/holdout.parquet
[2025-07-26T13:39:56.544+0000] {logging_mixin.py:188} INFO - Current index: 9 / Total rows: 51
[2025-07-26T13:39:56.545+0000] {logging_mixin.py:188} INFO - Previewing row:
[2025-07-26T13:39:56.547+0000] {logging_mixin.py:188} INFO - | user_id                      | parent_asin   |   rating | timestamp                  | main_category   | title                                                                                                                                                                                   | description   | categories                                              |   price | source   |
|:-----------------------------|:--------------|---------:|:---------------------------|:----------------|:----------------------------------------------------------------------------------------------------------------------------------------------------------------------------------------|:--------------|:--------------------------------------------------------|--------:|:---------|
| AEJ4FAZBYK7Z4W3W477GHPLZJM5Q | B0C6YN6RRV    |        1 | 2022-06-17 20:20:48.969000 | Toys & Games    | NATIONAL GEOGRAPHIC Rock Tumbler Kit – Hobby Edition Includes Rough Gemstones, and 4 Polishing Grits, Great STEM Science Kit for Geology Enthusiasts, Rock Polisher for Kids and Adults | []            | ['Toys & Games' 'Learning & Education' 'Rock Tumblers'] |   59.99 | val      |
[2025-07-26T13:39:56.547+0000] {python.py:237} INFO - Done. Returned value was: None
[2025-07-26T13:39:56.547+0000] {taskinstance.py:441} INFO - ::group::Post task execution logs
[2025-07-26T13:39:56.552+0000] {taskinstance.py:1206} INFO - Marking task as SUCCESS. dag_id=preview_next_row_dag, task_id=preview_row, run_id=manual__2025-07-26T13:39:55.935491+00:00, execution_date=20250726T133955, start_date=20250726T133956, end_date=20250726T133956
[2025-07-26T13:39:56.578+0000] {local_task_job_runner.py:243} INFO - Task exited with return code 0
[2025-07-26T13:39:56.604+0000] {taskinstance.py:3503} INFO - 0 downstream tasks scheduled from follow-on schedule check
[2025-07-26T13:39:56.605+0000] {local_task_job_runner.py:222} INFO - ::endgroup::
