[2025-07-26T11:49:41.353+0000] {local_task_job_runner.py:120} INFO - ::group::Pre task execution logs
[2025-07-26T11:49:41.365+0000] {taskinstance.py:2076} INFO - Dependencies all met for dep_context=non-requeueable deps ti=<TaskInstance: insert_next_row_dag.insert_row manual__2025-07-26T11:49:40.828738+00:00 [queued]>
[2025-07-26T11:49:41.371+0000] {taskinstance.py:2076} INFO - Dependencies all met for dep_context=requeueable deps ti=<TaskInstance: insert_next_row_dag.insert_row manual__2025-07-26T11:49:40.828738+00:00 [queued]>
[2025-07-26T11:49:41.372+0000] {taskinstance.py:2306} INFO - Starting attempt 1 of 1
[2025-07-26T11:49:41.386+0000] {taskinstance.py:2330} INFO - Executing <Task(PythonOperator): insert_row> on 2025-07-26 11:49:40.828738+00:00
[2025-07-26T11:49:41.398+0000] {logging_mixin.py:188} WARNING - /home/***/.local/lib/python3.12/site-packages/***/task/task_runner/standard_task_runner.py:62 DeprecationWarning: This process (pid=27314) is multi-threaded, use of fork() may lead to deadlocks in the child.
[2025-07-26T11:49:41.399+0000] {standard_task_runner.py:64} INFO - Started process 27339 to run task
[2025-07-26T11:49:41.399+0000] {standard_task_runner.py:90} INFO - Running: ['***', 'tasks', 'run', 'insert_next_row_dag', 'insert_row', 'manual__2025-07-26T11:49:40.828738+00:00', '--job-id', '49', '--raw', '--subdir', 'DAGS_FOLDER/simulate_realtime_insert.py', '--cfg-path', '/tmp/tmpy96drpov']
[2025-07-26T11:49:41.402+0000] {standard_task_runner.py:91} INFO - Job 49: Subtask insert_row
[2025-07-26T11:49:41.419+0000] {logging_mixin.py:188} WARNING - /home/***/.local/lib/python3.12/site-packages/***/settings.py:195 DeprecationWarning: The sql_alchemy_conn option in [core] has been moved to the sql_alchemy_conn option in [database] - the old setting has been used, but please update your config.
[2025-07-26T11:49:41.446+0000] {task_command.py:426} INFO - Running <TaskInstance: insert_next_row_dag.insert_row manual__2025-07-26T11:49:40.828738+00:00 [running]> on host 2992d32593f0
[2025-07-26T11:49:41.513+0000] {taskinstance.py:2648} INFO - Exporting env vars: AIRFLOW_CTX_DAG_OWNER='***' AIRFLOW_CTX_DAG_ID='insert_next_row_dag' AIRFLOW_CTX_TASK_ID='insert_row' AIRFLOW_CTX_EXECUTION_DATE='2025-07-26T11:49:40.828738+00:00' AIRFLOW_CTX_TRY_NUMBER='1' AIRFLOW_CTX_DAG_RUN_ID='manual__2025-07-26T11:49:40.828738+00:00'
[2025-07-26T11:49:41.514+0000] {taskinstance.py:430} INFO - ::endgroup::
[2025-07-26T11:49:41.544+0000] {logging_mixin.py:188} WARNING - /opt/***/dags/simulate_realtime_insert.py:35 SettingWithCopyWarning: 
A value is trying to be set on a copy of a slice from a DataFrame.
Try using .loc[row_indexer,col_indexer] = value instead

See the caveats in the documentation: https://pandas.pydata.org/pandas-docs/stable/user_guide/indexing.html#returning-a-view-versus-a-copy
[2025-07-26T11:49:41.544+0000] {logging_mixin.py:188} INFO - Row 6 to insert:
[2025-07-26T11:49:41.545+0000] {logging_mixin.py:188} INFO - | user_id                      | parent_asin   |   rating | timestamp                  | main_category   | title                                                                                                                                                                                                  | description   | categories                                                                                         |   price | source   |
|:-----------------------------|:--------------|---------:|:---------------------------|:----------------|:-------------------------------------------------------------------------------------------------------------------------------------------------------------------------------------------------------|:--------------|:---------------------------------------------------------------------------------------------------|--------:|:---------|
| AHVZ5VHJPSOIEUSNG7QFCM6DA2BQ | B07MLYQLX1    |        5 | 2022-06-17 00:31:55.360000 | Toys & Games    | CUTE STONE Color Changing Kitchen Sink Toys, Children Heat Sensitive Electric Dishwasher Playing Toy with Running Water, Automatic Water Cycle System Play House Pretend Role Play Toys for Boys Girls | {}            | {"Toys & Games", "Preschool", "Pre-Kindergarten Toys", "Pretend Play", "Kitchen Sets & Play Food"} |   36.99 | val      |
[2025-07-26T11:49:42.674+0000] {logging_mixin.py:188} INFO - Inserted row 6
[2025-07-26T11:49:42.684+0000] {crypto.py:82} WARNING - empty cryptography key - values will not be stored encrypted.
[2025-07-26T11:49:42.689+0000] {python.py:237} INFO - Done. Returned value was: None
[2025-07-26T11:49:42.690+0000] {taskinstance.py:441} INFO - ::group::Post task execution logs
[2025-07-26T11:49:42.702+0000] {taskinstance.py:1206} INFO - Marking task as SUCCESS. dag_id=insert_next_row_dag, task_id=insert_row, run_id=manual__2025-07-26T11:49:40.828738+00:00, execution_date=20250726T114940, start_date=20250726T114941, end_date=20250726T114942
[2025-07-26T11:49:42.736+0000] {local_task_job_runner.py:243} INFO - Task exited with return code 0
[2025-07-26T11:49:42.764+0000] {taskinstance.py:3503} INFO - 0 downstream tasks scheduled from follow-on schedule check
[2025-07-26T11:49:42.766+0000] {local_task_job_runner.py:222} INFO - ::endgroup::
