[2025-07-26T10:13:58.113+0000] {local_task_job_runner.py:120} INFO - ::group::Pre task execution logs
[2025-07-26T10:13:58.125+0000] {taskinstance.py:2076} INFO - Dependencies all met for dep_context=non-requeueable deps ti=<TaskInstance: insert_next_row_dag.insert_row manual__2025-07-26T10:13:57.256179+00:00 [queued]>
[2025-07-26T10:13:58.131+0000] {taskinstance.py:2076} INFO - Dependencies all met for dep_context=requeueable deps ti=<TaskInstance: insert_next_row_dag.insert_row manual__2025-07-26T10:13:57.256179+00:00 [queued]>
[2025-07-26T10:13:58.131+0000] {taskinstance.py:2306} INFO - Starting attempt 1 of 1
[2025-07-26T10:13:58.138+0000] {taskinstance.py:2330} INFO - Executing <Task(PythonOperator): insert_row> on 2025-07-26 10:13:57.256179+00:00
[2025-07-26T10:13:58.142+0000] {logging_mixin.py:188} WARNING - /home/***/.local/lib/python3.12/site-packages/***/task/task_runner/standard_task_runner.py:62 DeprecationWarning: This process (pid=10256) is multi-threaded, use of fork() may lead to deadlocks in the child.
[2025-07-26T10:13:58.142+0000] {standard_task_runner.py:64} INFO - Started process 10281 to run task
[2025-07-26T10:13:58.142+0000] {standard_task_runner.py:90} INFO - Running: ['***', 'tasks', 'run', 'insert_next_row_dag', 'insert_row', 'manual__2025-07-26T10:13:57.256179+00:00', '--job-id', '8', '--raw', '--subdir', 'DAGS_FOLDER/simulate_realtime_insert.py', '--cfg-path', '/tmp/tmp_y4alq6f']
[2025-07-26T10:13:58.143+0000] {standard_task_runner.py:91} INFO - Job 8: Subtask insert_row
[2025-07-26T10:13:58.150+0000] {logging_mixin.py:188} WARNING - /home/***/.local/lib/python3.12/site-packages/***/settings.py:195 DeprecationWarning: The sql_alchemy_conn option in [core] has been moved to the sql_alchemy_conn option in [database] - the old setting has been used, but please update your config.
[2025-07-26T10:13:58.172+0000] {task_command.py:426} INFO - Running <TaskInstance: insert_next_row_dag.insert_row manual__2025-07-26T10:13:57.256179+00:00 [running]> on host 2992d32593f0
[2025-07-26T10:13:58.250+0000] {taskinstance.py:2648} INFO - Exporting env vars: AIRFLOW_CTX_DAG_OWNER='***' AIRFLOW_CTX_DAG_ID='insert_next_row_dag' AIRFLOW_CTX_TASK_ID='insert_row' AIRFLOW_CTX_EXECUTION_DATE='2025-07-26T10:13:57.256179+00:00' AIRFLOW_CTX_TRY_NUMBER='1' AIRFLOW_CTX_DAG_RUN_ID='manual__2025-07-26T10:13:57.256179+00:00'
[2025-07-26T10:13:58.250+0000] {taskinstance.py:430} INFO - ::endgroup::
[2025-07-26T10:13:58.275+0000] {logging_mixin.py:188} WARNING - /opt/***/dags/simulate_realtime_insert.py:35 SettingWithCopyWarning: 
A value is trying to be set on a copy of a slice from a DataFrame.
Try using .loc[row_indexer,col_indexer] = value instead

See the caveats in the documentation: https://pandas.pydata.org/pandas-docs/stable/user_guide/indexing.html#returning-a-view-versus-a-copy
[2025-07-26T10:13:58.276+0000] {logging_mixin.py:188} INFO - Row 2 to insert:
[2025-07-26T10:13:58.277+0000] {logging_mixin.py:188} INFO - | user_id                      | parent_asin   |   rating | timestamp                  | main_category   | title                                                                                            | description                                                                                                                                                                                                                                                                                                                                                                                                                                                                                                                                                                                                                                                                                                                                                                                              | categories                                                                                           |   price | source   |
|:-----------------------------|:--------------|---------:|:---------------------------|:----------------|:-------------------------------------------------------------------------------------------------|:---------------------------------------------------------------------------------------------------------------------------------------------------------------------------------------------------------------------------------------------------------------------------------------------------------------------------------------------------------------------------------------------------------------------------------------------------------------------------------------------------------------------------------------------------------------------------------------------------------------------------------------------------------------------------------------------------------------------------------------------------------------------------------------------------------|:-----------------------------------------------------------------------------------------------------|--------:|:---------|
| AFXEQ6MNM7PMYZC3XPW2WOLIOL2Q | B084K4WV68    |        5 | 2022-06-16 13:12:22.648000 | Toys & Games    | Crayola Washable Kids Paint, 6 Count, Kids At Home Activities, Painting Supplies, Gift, Assorted | {"Product Description", "Express your creativity with Crayola Washable Kids Paint in classic colors. This worry-free Project Paint provides hours of fun and cleans up easily. Each washable color is specially formulated to wash cleanly from skin and most washable clothing. Featured paint colors in this set are Red, Orange, Yellow, Green, Blue, Light Blue, Purple, Pink, White and Black. Encourage your child to experiment with color blending to see what new colors they can create. This paint set for kids is great to have on hand for school projects, crafts, and creative play Safe and nontoxic, ideal for ages 3 and up", "Brand Story", "By Crayola", "From the Manufacturer", "Set includes six different colors of washable kid's paint in 2 oz. plastic bottles.", "See more"} | {"Toys & Games", "Arts & Crafts", "Drawing & Painting Supplies", "Paints", "Tempera & Poster Paint"} |    8.83 | val      |
[2025-07-26T10:13:59.378+0000] {logging_mixin.py:188} INFO - Inserted row 2
[2025-07-26T10:13:59.384+0000] {crypto.py:82} WARNING - empty cryptography key - values will not be stored encrypted.
[2025-07-26T10:13:59.387+0000] {python.py:237} INFO - Done. Returned value was: None
[2025-07-26T10:13:59.388+0000] {taskinstance.py:441} INFO - ::group::Post task execution logs
[2025-07-26T10:13:59.393+0000] {taskinstance.py:1206} INFO - Marking task as SUCCESS. dag_id=insert_next_row_dag, task_id=insert_row, run_id=manual__2025-07-26T10:13:57.256179+00:00, execution_date=20250726T101357, start_date=20250726T101358, end_date=20250726T101359
[2025-07-26T10:13:59.438+0000] {local_task_job_runner.py:243} INFO - Task exited with return code 0
[2025-07-26T10:13:59.465+0000] {taskinstance.py:3503} INFO - 0 downstream tasks scheduled from follow-on schedule check
[2025-07-26T10:13:59.466+0000] {local_task_job_runner.py:222} INFO - ::endgroup::
