[2025-07-26T10:55:07.601+0000] {local_task_job_runner.py:120} INFO - ::group::Pre task execution logs
[2025-07-26T10:55:07.612+0000] {taskinstance.py:2076} INFO - Dependencies all met for dep_context=non-requeueable deps ti=<TaskInstance: insert_next_row_dag.insert_row manual__2025-07-26T10:55:07.099769+00:00 [queued]>
[2025-07-26T10:55:07.618+0000] {taskinstance.py:2076} INFO - Dependencies all met for dep_context=requeueable deps ti=<TaskInstance: insert_next_row_dag.insert_row manual__2025-07-26T10:55:07.099769+00:00 [queued]>
[2025-07-26T10:55:07.618+0000] {taskinstance.py:2306} INFO - Starting attempt 1 of 1
[2025-07-26T10:55:07.628+0000] {taskinstance.py:2330} INFO - Executing <Task(PythonOperator): insert_row> on 2025-07-26 10:55:07.099769+00:00
[2025-07-26T10:55:07.633+0000] {logging_mixin.py:188} WARNING - /home/***/.local/lib/python3.12/site-packages/***/task/task_runner/standard_task_runner.py:62 DeprecationWarning: This process (pid=17481) is multi-threaded, use of fork() may lead to deadlocks in the child.
[2025-07-26T10:55:07.633+0000] {standard_task_runner.py:64} INFO - Started process 17506 to run task
[2025-07-26T10:55:07.633+0000] {standard_task_runner.py:90} INFO - Running: ['***', 'tasks', 'run', 'insert_next_row_dag', 'insert_row', 'manual__2025-07-26T10:55:07.099769+00:00', '--job-id', '21', '--raw', '--subdir', 'DAGS_FOLDER/simulate_realtime_insert.py', '--cfg-path', '/tmp/tmpr0085noy']
[2025-07-26T10:55:07.634+0000] {standard_task_runner.py:91} INFO - Job 21: Subtask insert_row
[2025-07-26T10:55:07.641+0000] {logging_mixin.py:188} WARNING - /home/***/.local/lib/python3.12/site-packages/***/settings.py:195 DeprecationWarning: The sql_alchemy_conn option in [core] has been moved to the sql_alchemy_conn option in [database] - the old setting has been used, but please update your config.
[2025-07-26T10:55:07.672+0000] {task_command.py:426} INFO - Running <TaskInstance: insert_next_row_dag.insert_row manual__2025-07-26T10:55:07.099769+00:00 [running]> on host 2992d32593f0
[2025-07-26T10:55:07.763+0000] {taskinstance.py:2648} INFO - Exporting env vars: AIRFLOW_CTX_DAG_OWNER='***' AIRFLOW_CTX_DAG_ID='insert_next_row_dag' AIRFLOW_CTX_TASK_ID='insert_row' AIRFLOW_CTX_EXECUTION_DATE='2025-07-26T10:55:07.099769+00:00' AIRFLOW_CTX_TRY_NUMBER='1' AIRFLOW_CTX_DAG_RUN_ID='manual__2025-07-26T10:55:07.099769+00:00'
[2025-07-26T10:55:07.763+0000] {taskinstance.py:430} INFO - ::endgroup::
[2025-07-26T10:55:07.808+0000] {logging_mixin.py:188} WARNING - /opt/***/dags/simulate_realtime_insert.py:35 SettingWithCopyWarning: 
A value is trying to be set on a copy of a slice from a DataFrame.
Try using .loc[row_indexer,col_indexer] = value instead

See the caveats in the documentation: https://pandas.pydata.org/pandas-docs/stable/user_guide/indexing.html#returning-a-view-versus-a-copy
[2025-07-26T10:55:07.809+0000] {logging_mixin.py:188} INFO - Row 15 to insert:
[2025-07-26T10:55:07.811+0000] {logging_mixin.py:188} INFO - | user_id                      | parent_asin   |   rating | timestamp                  | main_category   | title                                                                           | description                                                                                                                                                                                                                                                                                                                                                                                                                                                                                                                                                                                                                                                                                                                                                       | categories                                             |   price | source   |
|:-----------------------------|:--------------|---------:|:---------------------------|:----------------|:--------------------------------------------------------------------------------|:------------------------------------------------------------------------------------------------------------------------------------------------------------------------------------------------------------------------------------------------------------------------------------------------------------------------------------------------------------------------------------------------------------------------------------------------------------------------------------------------------------------------------------------------------------------------------------------------------------------------------------------------------------------------------------------------------------------------------------------------------------------|:-------------------------------------------------------|--------:|:---------|
| AFHB3C7OPKCJJZ2MUJI6L2AV5CVQ | B06Y1N3PTX    |        5 | 2022-06-21 02:52:47.964000 | Toys & Games    | Battleship With Planes Strategy Board Game For Ages 7 and Up (Amazon Exclusive) | {"This exclusive edition of the Battleship game includes 2 planes in addition to ships, for exciting aircraft combat. In head to head battle, players search for the enemy’s fleet of ships and aircraft, and destroy them one by one. With convenient portable battle cases and realistic looking naval crafts and planes, the Battleship game puts players right in the middle of the action. Each player announces the coordinates of each strike, and then hopes that it hits. Position ships strategically to survive opponent's relentless strikes, and track hits and misses with red and white pegs on the ocean grid. No ship or aircraft is safe in this game of stealth and suspense. Hasbro gaming and all related terms are a trademark of Hasbro."} | {"Toys & Games", "Games & Accessories", "Board Games"} |   16.99 | val      |
[2025-07-26T10:55:09.201+0000] {logging_mixin.py:188} INFO - Inserted row 15
[2025-07-26T10:55:09.214+0000] {crypto.py:82} WARNING - empty cryptography key - values will not be stored encrypted.
[2025-07-26T10:55:09.232+0000] {python.py:237} INFO - Done. Returned value was: None
[2025-07-26T10:55:09.233+0000] {taskinstance.py:441} INFO - ::group::Post task execution logs
[2025-07-26T10:55:09.250+0000] {taskinstance.py:1206} INFO - Marking task as SUCCESS. dag_id=insert_next_row_dag, task_id=insert_row, run_id=manual__2025-07-26T10:55:07.099769+00:00, execution_date=20250726T105507, start_date=20250726T105507, end_date=20250726T105509
[2025-07-26T10:55:09.291+0000] {local_task_job_runner.py:243} INFO - Task exited with return code 0
[2025-07-26T10:55:09.317+0000] {taskinstance.py:3503} INFO - 0 downstream tasks scheduled from follow-on schedule check
[2025-07-26T10:55:09.318+0000] {local_task_job_runner.py:222} INFO - ::endgroup::
